{"C:\\Users\\a6r79\\EDMM\\src\\app\\error.tsx": {"path":"C:\\Users\\a6r79\\EDMM\\src\\app\\error.tsx","statementMap":{"0":{"start":{"line":11,"column":24},"end":{"line":11,"column":30}},"1":{"start":{"line":3,"column":33},"end":{"line":3,"column":null}},"2":{"start":{"line":12,"column":2},"end":{"line":14,"column":null}},"3":{"start":{"line":13,"column":4},"end":{"line":13,"column":null}},"4":{"start":{"line":23,"column":23},"end":{"line":23,"column":null}}},"fnMap":{"0":{"name":"Error","decl":{"start":{"line":11,"column":24},"end":{"line":11,"column":30}},"loc":{"start":{"line":11,"column":58},"end":{"line":30,"column":null}}},"1":{"name":"(anonymous_5)","decl":{"start":{"line":12,"column":12},"end":{"line":12,"column":null}},"loc":{"start":{"line":12,"column":12},"end":{"line":14,"column":5}}},"2":{"name":"(anonymous_6)","decl":{"start":{"line":23,"column":17},"end":{"line":23,"column":23}},"loc":{"start":{"line":23,"column":23},"end":{"line":23,"column":null}}}},"branchMap":{},"s":{"0":0,"1":0,"2":0,"3":0,"4":0},"f":{"0":0,"1":0,"2":0},"b":{}}
,"C:\\Users\\a6r79\\EDMM\\src\\app\\layout.tsx": {"path":"C:\\Users\\a6r79\\EDMM\\src\\app\\layout.tsx","statementMap":{"0":{"start":{"line":71,"column":0},"end":{"line":71,"column":15}},"1":{"start":{"line":10,"column":13},"end":{"line":10,"column":21}},"2":{"start":{"line":2,"column":7},"end":{"line":2,"column":null}},"3":{"start":{"line":3,"column":19},"end":{"line":3,"column":null}},"4":{"start":{"line":4,"column":29},"end":{"line":4,"column":null}},"5":{"start":{"line":5,"column":36},"end":{"line":5,"column":null}},"6":{"start":{"line":6,"column":27},"end":{"line":6,"column":null}},"7":{"start":{"line":7,"column":25},"end":{"line":7,"column":null}},"8":{"start":{"line":8,"column":33},"end":{"line":8,"column":null}},"9":{"start":{"line":10,"column":34},"end":{"line":48,"column":null}},"10":{"start":{"line":50,"column":19},"end":{"line":69,"column":null}},"11":{"start":{"line":51,"column":17},"end":{"line":51,"column":null}},"12":{"start":{"line":71,"column":15},"end":{"line":71,"column":26}}},"fnMap":{"0":{"name":"(anonymous_4)","decl":{"start":{"line":50,"column":19},"end":{"line":50,"column":26}},"loc":{"start":{"line":50,"column":69},"end":{"line":69,"column":null}}}},"branchMap":{},"s":{"0":0,"1":0,"2":0,"3":0,"4":0,"5":0,"6":0,"7":0,"8":0,"9":0,"10":0,"11":0,"12":0},"f":{"0":0},"b":{}}
,"C:\\Users\\a6r79\\EDMM\\src\\app\\loading.tsx": {"path":"C:\\Users\\a6r79\\EDMM\\src\\app\\loading.tsx","statementMap":{"0":{"start":{"line":3,"column":24},"end":{"line":3,"column":null}},"1":{"start":{"line":1,"column":20},"end":{"line":1,"column":null}}},"fnMap":{"0":{"name":"Loading","decl":{"start":{"line":3,"column":24},"end":{"line":3,"column":null}},"loc":{"start":{"line":3,"column":24},"end":{"line":9,"column":null}}}},"branchMap":{},"s":{"0":0,"1":0},"f":{"0":0},"b":{}}
,"C:\\Users\\a6r79\\EDMM\\src\\app\\not-found.tsx": {"path":"C:\\Users\\a6r79\\EDMM\\src\\app\\not-found.tsx","statementMap":{"0":{"start":{"line":4,"column":24},"end":{"line":4,"column":null}},"1":{"start":{"line":1,"column":17},"end":{"line":1,"column":null}},"2":{"start":{"line":2,"column":18},"end":{"line":2,"column":null}}},"fnMap":{"0":{"name":"NotFound","decl":{"start":{"line":4,"column":24},"end":{"line":4,"column":null}},"loc":{"start":{"line":4,"column":24},"end":{"line":22,"column":null}}}},"branchMap":{},"s":{"0":0,"1":0,"2":0},"f":{"0":0},"b":{}}
,"C:\\Users\\a6r79\\EDMM\\src\\app\\page.tsx": {"path":"C:\\Users\\a6r79\\EDMM\\src\\app\\page.tsx","statementMap":{"0":{"start":{"line":7,"column":0},"end":{"line":7,"column":15}},"1":{"start":{"line":1,"column":20},"end":{"line":1,"column":null}},"2":{"start":{"line":3,"column":23},"end":{"line":5,"column":null}},"3":{"start":{"line":4,"column":2},"end":{"line":4,"column":null}},"4":{"start":{"line":7,"column":15},"end":{"line":7,"column":null}}},"fnMap":{"0":{"name":"(anonymous_2)","decl":{"start":{"line":3,"column":23},"end":{"line":3,"column":null}},"loc":{"start":{"line":3,"column":23},"end":{"line":5,"column":null}}}},"branchMap":{},"s":{"0":0,"1":0,"2":0,"3":0,"4":0},"f":{"0":0},"b":{}}
,"C:\\Users\\a6r79\\EDMM\\src\\app\\api\\dataLoader.ts": {"path":"C:\\Users\\a6r79\\EDMM\\src\\app\\api\\dataLoader.ts","statementMap":{"0":{"start":{"line":7,"column":22},"end":{"line":7,"column":null}},"1":{"start":{"line":5,"column":29},"end":{"line":5,"column":null}},"2":{"start":{"line":8,"column":2},"end":{"line":17,"column":null}},"3":{"start":{"line":9,"column":27},"end":{"line":9,"column":null}},"4":{"start":{"line":11,"column":4},"end":{"line":12,"column":null}},"5":{"start":{"line":12,"column":39},"end":{"line":12,"column":null}},"6":{"start":{"line":15,"column":4},"end":{"line":15,"column":null}},"7":{"start":{"line":16,"column":4},"end":{"line":16,"column":null}}},"fnMap":{"0":{"name":"DataLoader","decl":{"start":{"line":7,"column":22},"end":{"line":7,"column":null}},"loc":{"start":{"line":7,"column":22},"end":{"line":18,"column":null}}},"1":{"name":"(anonymous_3)","decl":{"start":{"line":12,"column":25},"end":{"line":12,"column":26}},"loc":{"start":{"line":12,"column":39},"end":{"line":12,"column":null}}}},"branchMap":{},"s":{"0":0,"1":0,"2":0,"3":0,"4":0,"5":0,"6":0,"7":0},"f":{"0":0,"1":0},"b":{}}
,"C:\\Users\\a6r79\\EDMM\\src\\app\\api\\cloudinary\\cloudinaryClient.ts": {"path":"C:\\Users\\a6r79\\EDMM\\src\\app\\api\\cloudinary\\cloudinaryClient.ts","statementMap":{"0":{"start":{"line":5,"column":0},"end":{"line":5,"column":15}},"1":{"start":{"line":1,"column":22},"end":{"line":1,"column":null}},"2":{"start":{"line":2,"column":27},"end":{"line":2,"column":null}},"3":{"start":{"line":5,"column":15},"end":{"line":23,"column":null}},"4":{"start":{"line":8,"column":2},"end":{"line":22,"column":null}},"5":{"start":{"line":9,"column":21},"end":{"line":12,"column":null}},"6":{"start":{"line":14,"column":4},"end":{"line":16,"column":null}},"7":{"start":{"line":15,"column":6},"end":{"line":15,"column":null}},"8":{"start":{"line":18,"column":4},"end":{"line":18,"column":null}},"9":{"start":{"line":20,"column":4},"end":{"line":20,"column":null}},"10":{"start":{"line":21,"column":4},"end":{"line":21,"column":null}}},"fnMap":{"0":{"name":"cloudinaryClient","decl":{"start":{"line":5,"column":36},"end":{"line":5,"column":null}},"loc":{"start":{"line":5,"column":36},"end":{"line":23,"column":null}}}},"branchMap":{"0":{"loc":{"start":{"line":14,"column":4},"end":{"line":16,"column":null}},"type":"if","locations":[{"start":{"line":14,"column":4},"end":{"line":16,"column":null}},{"start":{},"end":{}}]}},"s":{"0":0,"1":0,"2":0,"3":0,"4":0,"5":0,"6":0,"7":0,"8":0,"9":0,"10":0},"f":{"0":0},"b":{"0":[0,0]}}
,"C:\\Users\\a6r79\\EDMM\\src\\app\\api\\cloudinary\\route.ts": {"path":"C:\\Users\\a6r79\\EDMM\\src\\app\\api\\cloudinary\\route.ts","statementMap":{"0":{"start":{"line":21,"column":22},"end":{"line":21,"column":null}},"1":{"start":{"line":1,"column":33},"end":{"line":1,"column":null}},"2":{"start":{"line":2,"column":29},"end":{"line":2,"column":null}},"3":{"start":{"line":4,"column":31},"end":{"line":4,"column":null}},"4":{"start":{"line":15,"column":0},"end":{"line":19,"column":null}},"5":{"start":{"line":22,"column":2},"end":{"line":64,"column":null}},"6":{"start":{"line":23,"column":22},"end":{"line":33,"column":null}},"7":{"start":{"line":32,"column":8},"end":{"line":32,"column":null}},"8":{"start":{"line":35,"column":22},"end":{"line":44,"column":null}},"9":{"start":{"line":43,"column":8},"end":{"line":43,"column":null}},"10":{"start":{"line":46,"column":29},"end":{"line":55,"column":null}},"11":{"start":{"line":47,"column":27},"end":{"line":49,"column":null}},"12":{"start":{"line":49,"column":10},"end":{"line":49,"column":74}},"13":{"start":{"line":51,"column":6},"end":{"line":54,"column":null}},"14":{"start":{"line":57,"column":4},"end":{"line":57,"column":null}},"15":{"start":{"line":59,"column":4},"end":{"line":59,"column":null}},"16":{"start":{"line":60,"column":4},"end":{"line":62,"column":null}}},"fnMap":{"0":{"name":"GET","decl":{"start":{"line":21,"column":22},"end":{"line":21,"column":null}},"loc":{"start":{"line":21,"column":22},"end":{"line":65,"column":null}}},"1":{"name":"(anonymous_2)","decl":{"start":{"line":31,"column":12},"end":{"line":31,"column":13}},"loc":{"start":{"line":31,"column":13},"end":{"line":33,"column":null}}},"2":{"name":"(anonymous_3)","decl":{"start":{"line":42,"column":12},"end":{"line":42,"column":13}},"loc":{"start":{"line":42,"column":13},"end":{"line":44,"column":null}}},"3":{"name":"(anonymous_4)","decl":{"start":{"line":46,"column":43},"end":{"line":46,"column":44}},"loc":{"start":{"line":46,"column":44},"end":{"line":55,"column":null}}},"4":{"name":"(anonymous_5)","decl":{"start":{"line":48,"column":8},"end":{"line":48,"column":9}},"loc":{"start":{"line":49,"column":10},"end":{"line":49,"column":74}}}},"branchMap":{"0":{"loc":{"start":{"line":49,"column":10},"end":{"line":49,"column":74}},"type":"binary-expr","locations":[{"start":{"line":49,"column":10},"end":{"line":49,"column":37}},{"start":{"line":49,"column":41},"end":{"line":49,"column":74}}]},"1":{"loc":{"start":{"line":53,"column":26},"end":{"line":53,"column":null}},"type":"binary-expr","locations":[{"start":{"line":53,"column":26},"end":{"line":53,"column":54}},{"start":{"line":53,"column":54},"end":{"line":53,"column":null}}]}},"s":{"0":0,"1":0,"2":0,"3":0,"4":0,"5":0,"6":0,"7":0,"8":0,"9":0,"10":0,"11":0,"12":0,"13":0,"14":0,"15":0,"16":0},"f":{"0":0,"1":0,"2":0,"3":0,"4":0},"b":{"0":[0,0],"1":[0,0]}}
,"C:\\Users\\a6r79\\EDMM\\src\\app\\api\\spotify\\route.ts": {"path":"C:\\Users\\a6r79\\EDMM\\src\\app\\api\\spotify\\route.ts","statementMap":{"0":{"start":{"line":14,"column":22},"end":{"line":14,"column":null}},"1":{"start":{"line":1,"column":29},"end":{"line":1,"column":null}},"2":{"start":{"line":2,"column":27},"end":{"line":2,"column":null}},"3":{"start":{"line":5,"column":26},"end":{"line":5,"column":55}},"4":{"start":{"line":6,"column":30},"end":{"line":6,"column":63}},"5":{"start":{"line":7,"column":29},"end":{"line":7,"column":66}},"6":{"start":{"line":15,"column":2},"end":{"line":21,"column":null}},"7":{"start":{"line":16,"column":4},"end":{"line":16,"column":null}},"8":{"start":{"line":17,"column":4},"end":{"line":19,"column":null}},"9":{"start":{"line":23,"column":21},"end":{"line":25,"column":null}},"10":{"start":{"line":27,"column":2},"end":{"line":57,"column":null}},"11":{"start":{"line":28,"column":21},"end":{"line":36,"column":null}},"12":{"start":{"line":38,"column":4},"end":{"line":40,"column":null}},"13":{"start":{"line":39,"column":6},"end":{"line":39,"column":null}},"14":{"start":{"line":43,"column":4},"end":{"line":46,"column":null}},"15":{"start":{"line":48,"column":4},"end":{"line":48,"column":null}},"16":{"start":{"line":49,"column":23},"end":{"line":49,"column":null}},"17":{"start":{"line":50,"column":22},"end":{"line":50,"column":null}},"18":{"start":{"line":52,"column":4},"end":{"line":54,"column":null}},"19":{"start":{"line":53,"column":6},"end":{"line":53,"column":null}},"20":{"start":{"line":56,"column":4},"end":{"line":56,"column":null}}},"fnMap":{"0":{"name":"GET","decl":{"start":{"line":14,"column":22},"end":{"line":14,"column":null}},"loc":{"start":{"line":14,"column":22},"end":{"line":58,"column":null}}}},"branchMap":{"0":{"loc":{"start":{"line":15,"column":2},"end":{"line":21,"column":null}},"type":"if","locations":[{"start":{"line":15,"column":2},"end":{"line":21,"column":null}},{"start":{},"end":{}}]},"1":{"loc":{"start":{"line":15,"column":6},"end":{"line":15,"column":77}},"type":"binary-expr","locations":[{"start":{"line":15,"column":6},"end":{"line":15,"column":28}},{"start":{"line":15,"column":28},"end":{"line":15,"column":54}},{"start":{"line":15,"column":54},"end":{"line":15,"column":77}}]},"2":{"loc":{"start":{"line":38,"column":4},"end":{"line":40,"column":null}},"type":"if","locations":[{"start":{"line":38,"column":4},"end":{"line":40,"column":null}},{"start":{},"end":{}}]},"3":{"loc":{"start":{"line":52,"column":4},"end":{"line":54,"column":null}},"type":"if","locations":[{"start":{"line":52,"column":4},"end":{"line":54,"column":null}},{"start":{},"end":{}}]}},"s":{"0":0,"1":0,"2":0,"3":0,"4":0,"5":0,"6":0,"7":0,"8":0,"9":0,"10":0,"11":0,"12":0,"13":0,"14":0,"15":0,"16":0,"17":0,"18":0,"19":0,"20":0},"f":{"0":0},"b":{"0":[0,0],"1":[0,0,0],"2":[0,0],"3":[0,0]}}
,"C:\\Users\\a6r79\\EDMM\\src\\app\\api\\spotify\\spotifyClient.ts": {"path":"C:\\Users\\a6r79\\EDMM\\src\\app\\api\\spotify\\spotifyClient.ts","statementMap":{"0":{"start":{"line":35,"column":13},"end":{"line":35,"column":31}},"1":{"start":{"line":94,"column":13},"end":{"line":94,"column":38}},"2":{"start":{"line":8,"column":27},"end":{"line":8,"column":null}},"3":{"start":{"line":9,"column":36},"end":{"line":9,"column":null}},"4":{"start":{"line":11,"column":24},"end":{"line":11,"column":68}},"5":{"start":{"line":13,"column":25},"end":{"line":33,"column":null}},"6":{"start":{"line":14,"column":2},"end":{"line":32,"column":null}},"7":{"start":{"line":15,"column":21},"end":{"line":18,"column":null}},"8":{"start":{"line":20,"column":4},"end":{"line":22,"column":null}},"9":{"start":{"line":21,"column":6},"end":{"line":21,"column":null}},"10":{"start":{"line":24,"column":4},"end":{"line":26,"column":null}},"11":{"start":{"line":25,"column":6},"end":{"line":25,"column":null}},"12":{"start":{"line":28,"column":4},"end":{"line":28,"column":null}},"13":{"start":{"line":30,"column":4},"end":{"line":30,"column":null}},"14":{"start":{"line":31,"column":4},"end":{"line":31,"column":null}},"15":{"start":{"line":35,"column":34},"end":{"line":63,"column":null}},"16":{"start":{"line":36,"column":26},"end":{"line":36,"column":null}},"17":{"start":{"line":37,"column":36},"end":{"line":37,"column":null}},"18":{"start":{"line":38,"column":28},"end":{"line":38,"column":null}},"19":{"start":{"line":40,"column":18},"end":{"line":51,"column":null}},"20":{"start":{"line":41,"column":4},"end":{"line":50,"column":null}},"21":{"start":{"line":42,"column":6},"end":{"line":42,"column":null}},"22":{"start":{"line":43,"column":21},"end":{"line":43,"column":null}},"23":{"start":{"line":44,"column":6},"end":{"line":44,"column":null}},"24":{"start":{"line":45,"column":6},"end":{"line":45,"column":null}},"25":{"start":{"line":47,"column":6},"end":{"line":47,"column":null}},"26":{"start":{"line":49,"column":6},"end":{"line":49,"column":null}},"27":{"start":{"line":53,"column":2},"end":{"line":55,"column":null}},"28":{"start":{"line":54,"column":4},"end":{"line":54,"column":null}},"29":{"start":{"line":57,"column":2},"end":{"line":62,"column":null}},"30":{"start":{"line":65,"column":31},"end":{"line":92,"column":null}},"31":{"start":{"line":69,"column":19},"end":{"line":79,"column":null}},"32":{"start":{"line":81,"column":2},"end":{"line":83,"column":null}},"33":{"start":{"line":82,"column":4},"end":{"line":82,"column":null}},"34":{"start":{"line":85,"column":2},"end":{"line":87,"column":null}},"35":{"start":{"line":86,"column":4},"end":{"line":86,"column":null}},"36":{"start":{"line":89,"column":2},"end":{"line":90,"column":null}},"37":{"start":{"line":90,"column":48},"end":{"line":90,"column":75}},"38":{"start":{"line":94,"column":41},"end":{"line":131,"column":null}},"39":{"start":{"line":95,"column":57},"end":{"line":95,"column":null}},"40":{"start":{"line":96,"column":26},"end":{"line":96,"column":null}},"41":{"start":{"line":97,"column":36},"end":{"line":97,"column":null}},"42":{"start":{"line":98,"column":28},"end":{"line":98,"column":null}},"43":{"start":{"line":100,"column":18},"end":{"line":117,"column":null}},"44":{"start":{"line":101,"column":4},"end":{"line":116,"column":null}},"45":{"start":{"line":102,"column":6},"end":{"line":102,"column":null}},"46":{"start":{"line":103,"column":6},"end":{"line":105,"column":null}},"47":{"start":{"line":104,"column":8},"end":{"line":104,"column":null}},"48":{"start":{"line":106,"column":21},"end":{"line":108,"column":null}},"49":{"start":{"line":110,"column":6},"end":{"line":110,"column":null}},"50":{"start":{"line":111,"column":6},"end":{"line":111,"column":null}},"51":{"start":{"line":113,"column":6},"end":{"line":113,"column":null}},"52":{"start":{"line":115,"column":6},"end":{"line":115,"column":null}},"53":{"start":{"line":119,"column":2},"end":{"line":123,"column":null}},"54":{"start":{"line":120,"column":4},"end":{"line":122,"column":null}},"55":{"start":{"line":121,"column":6},"end":{"line":121,"column":null}},"56":{"start":{"line":125,"column":2},"end":{"line":130,"column":null}}},"fnMap":{"0":{"name":"(anonymous_3)","decl":{"start":{"line":13,"column":25},"end":{"line":13,"column":null}},"loc":{"start":{"line":13,"column":25},"end":{"line":33,"column":null}}},"1":{"name":"(anonymous_4)","decl":{"start":{"line":35,"column":34},"end":{"line":35,"column":null}},"loc":{"start":{"line":35,"column":34},"end":{"line":63,"column":null}}},"2":{"name":"(anonymous_5)","decl":{"start":{"line":40,"column":18},"end":{"line":40,"column":null}},"loc":{"start":{"line":40,"column":18},"end":{"line":51,"column":null}}},"3":{"name":"(anonymous_6)","decl":{"start":{"line":53,"column":12},"end":{"line":53,"column":null}},"loc":{"start":{"line":53,"column":12},"end":{"line":55,"column":5}}},"4":{"name":"(anonymous_7)","decl":{"start":{"line":65,"column":31},"end":{"line":65,"column":null}},"loc":{"start":{"line":67,"column":12},"end":{"line":92,"column":null}}},"5":{"name":"(anonymous_8)","decl":{"start":{"line":90,"column":4},"end":{"line":90,"column":5}},"loc":{"start":{"line":90,"column":48},"end":{"line":90,"column":75}}},"6":{"name":"(anonymous_9)","decl":{"start":{"line":94,"column":41},"end":{"line":94,"column":42}},"loc":{"start":{"line":94,"column":52},"end":{"line":131,"column":null}}},"7":{"name":"(anonymous_10)","decl":{"start":{"line":100,"column":18},"end":{"line":100,"column":null}},"loc":{"start":{"line":100,"column":18},"end":{"line":117,"column":null}}},"8":{"name":"(anonymous_11)","decl":{"start":{"line":119,"column":12},"end":{"line":119,"column":null}},"loc":{"start":{"line":119,"column":12},"end":{"line":123,"column":5}}}},"branchMap":{"0":{"loc":{"start":{"line":20,"column":4},"end":{"line":22,"column":null}},"type":"if","locations":[{"start":{"line":20,"column":4},"end":{"line":22,"column":null}},{"start":{},"end":{}}]},"1":{"loc":{"start":{"line":24,"column":4},"end":{"line":26,"column":null}},"type":"if","locations":[{"start":{"line":24,"column":4},"end":{"line":26,"column":null}},{"start":{},"end":{}}]},"2":{"loc":{"start":{"line":47,"column":15},"end":{"line":47,"column":null}},"type":"cond-expr","locations":[{"start":{"line":47,"column":38},"end":{"line":47,"column":44}},{"start":{"line":47,"column":44},"end":{"line":47,"column":null}}]},"3":{"loc":{"start":{"line":67,"column":2},"end":{"line":67,"column":12}},"type":"default-arg","locations":[{"start":{"line":67,"column":10},"end":{"line":67,"column":12}}]},"4":{"loc":{"start":{"line":81,"column":2},"end":{"line":83,"column":null}},"type":"if","locations":[{"start":{"line":81,"column":2},"end":{"line":83,"column":null}},{"start":{},"end":{}}]},"5":{"loc":{"start":{"line":85,"column":2},"end":{"line":87,"column":null}},"type":"if","locations":[{"start":{"line":85,"column":2},"end":{"line":87,"column":null}},{"start":{},"end":{}}]},"6":{"loc":{"start":{"line":94,"column":42},"end":{"line":94,"column":52}},"type":"default-arg","locations":[{"start":{"line":94,"column":50},"end":{"line":94,"column":52}}]},"7":{"loc":{"start":{"line":103,"column":6},"end":{"line":105,"column":null}},"type":"if","locations":[{"start":{"line":103,"column":6},"end":{"line":105,"column":null}},{"start":{},"end":{}}]},"8":{"loc":{"start":{"line":113,"column":15},"end":{"line":113,"column":null}},"type":"cond-expr","locations":[{"start":{"line":113,"column":38},"end":{"line":113,"column":44}},{"start":{"line":113,"column":44},"end":{"line":113,"column":null}}]},"9":{"loc":{"start":{"line":120,"column":4},"end":{"line":122,"column":null}},"type":"if","locations":[{"start":{"line":120,"column":4},"end":{"line":122,"column":null}},{"start":{},"end":{}}]},"10":{"loc":{"start":{"line":127,"column":15},"end":{"line":127,"column":null}},"type":"binary-expr","locations":[{"start":{"line":127,"column":15},"end":{"line":127,"column":28}},{"start":{"line":127,"column":28},"end":{"line":127,"column":null}}]}},"s":{"0":0,"1":0,"2":0,"3":0,"4":0,"5":0,"6":0,"7":0,"8":0,"9":0,"10":0,"11":0,"12":0,"13":0,"14":0,"15":0,"16":0,"17":0,"18":0,"19":0,"20":0,"21":0,"22":0,"23":0,"24":0,"25":0,"26":0,"27":0,"28":0,"29":0,"30":0,"31":0,"32":0,"33":0,"34":0,"35":0,"36":0,"37":0,"38":0,"39":0,"40":0,"41":0,"42":0,"43":0,"44":0,"45":0,"46":0,"47":0,"48":0,"49":0,"50":0,"51":0,"52":0,"53":0,"54":0,"55":0,"56":0},"f":{"0":0,"1":0,"2":0,"3":0,"4":0,"5":0,"6":0,"7":0,"8":0},"b":{"0":[0,0],"1":[0,0],"2":[0,0],"3":[0],"4":[0,0],"5":[0,0],"6":[0],"7":[0,0],"8":[0,0],"9":[0,0],"10":[0,0]}}
,"C:\\Users\\a6r79\\EDMM\\src\\app\\api\\supabase\\route.ts": {"path":"C:\\Users\\a6r79\\EDMM\\src\\app\\api\\supabase\\route.ts","statementMap":{"0":{"start":{"line":44,"column":22},"end":{"line":44,"column":25}},"1":{"start":{"line":16,"column":22},"end":{"line":16,"column":26}},"2":{"start":{"line":1,"column":29},"end":{"line":1,"column":null}},"3":{"start":{"line":6,"column":7},"end":{"line":6,"column":null}},"4":{"start":{"line":7,"column":41},"end":{"line":7,"column":null}},"5":{"start":{"line":8,"column":24},"end":{"line":8,"column":null}},"6":{"start":{"line":17,"column":2},"end":{"line":41,"column":null}},"7":{"start":{"line":18,"column":17},"end":{"line":18,"column":null}},"8":{"start":{"line":19,"column":44},"end":{"line":19,"column":null}},"9":{"start":{"line":21,"column":4},"end":{"line":26,"column":null}},"10":{"start":{"line":22,"column":6},"end":{"line":24,"column":null}},"11":{"start":{"line":28,"column":4},"end":{"line":37,"column":null}},"12":{"start":{"line":29,"column":6},"end":{"line":29,"column":null}},"13":{"start":{"line":30,"column":6},"end":{"line":30,"column":null}},"14":{"start":{"line":32,"column":6},"end":{"line":32,"column":null}},"15":{"start":{"line":33,"column":6},"end":{"line":35,"column":null}},"16":{"start":{"line":39,"column":4},"end":{"line":39,"column":null}},"17":{"start":{"line":40,"column":4},"end":{"line":40,"column":null}},"18":{"start":{"line":46,"column":2},"end":{"line":65,"column":null}},"19":{"start":{"line":47,"column":24},"end":{"line":47,"column":null}},"20":{"start":{"line":48,"column":21},"end":{"line":48,"column":null}},"21":{"start":{"line":48,"column":63},"end":{"line":48,"column":75}},"22":{"start":{"line":52,"column":8},"end":{"line":52,"column":null}},"23":{"start":{"line":54,"column":4},"end":{"line":56,"column":null}},"24":{"start":{"line":55,"column":6},"end":{"line":55,"column":null}},"25":{"start":{"line":58,"column":19},"end":{"line":58,"column":34}},"26":{"start":{"line":60,"column":22},"end":{"line":60,"column":null}},"27":{"start":{"line":61,"column":4},"end":{"line":61,"column":null}},"28":{"start":{"line":63,"column":4},"end":{"line":63,"column":null}},"29":{"start":{"line":64,"column":4},"end":{"line":64,"column":null}}},"fnMap":{"0":{"name":"POST","decl":{"start":{"line":16,"column":22},"end":{"line":16,"column":26}},"loc":{"start":{"line":16,"column":43},"end":{"line":42,"column":null}}},"1":{"name":"GET","decl":{"start":{"line":44,"column":22},"end":{"line":44,"column":25}},"loc":{"start":{"line":44,"column":22},"end":{"line":66,"column":null}}},"2":{"name":"(anonymous_5)","decl":{"start":{"line":48,"column":57},"end":{"line":48,"column":63}},"loc":{"start":{"line":48,"column":63},"end":{"line":48,"column":75}}}},"branchMap":{"0":{"loc":{"start":{"line":21,"column":4},"end":{"line":26,"column":null}},"type":"if","locations":[{"start":{"line":21,"column":4},"end":{"line":26,"column":null}},{"start":{},"end":{}}]},"1":{"loc":{"start":{"line":21,"column":8},"end":{"line":21,"column":64}},"type":"binary-expr","locations":[{"start":{"line":21,"column":8},"end":{"line":21,"column":20}},{"start":{"line":21,"column":20},"end":{"line":21,"column":31}},{"start":{"line":21,"column":31},"end":{"line":21,"column":64}}]},"2":{"loc":{"start":{"line":28,"column":4},"end":{"line":37,"column":null}},"type":"if","locations":[{"start":{"line":28,"column":4},"end":{"line":37,"column":null}},{"start":{"line":31,"column":11},"end":{"line":37,"column":null}}]},"3":{"loc":{"start":{"line":54,"column":4},"end":{"line":56,"column":null}},"type":"if","locations":[{"start":{"line":54,"column":4},"end":{"line":56,"column":null}},{"start":{},"end":{}}]}},"s":{"0":0,"1":0,"2":0,"3":0,"4":0,"5":0,"6":0,"7":0,"8":0,"9":0,"10":0,"11":0,"12":0,"13":0,"14":0,"15":0,"16":0,"17":0,"18":0,"19":0,"20":0,"21":0,"22":0,"23":0,"24":0,"25":0,"26":0,"27":0,"28":0,"29":0},"f":{"0":0,"1":0,"2":0},"b":{"0":[0,0],"1":[0,0,0],"2":[0,0],"3":[0,0]}}
,"C:\\Users\\a6r79\\EDMM\\src\\app\\api\\supabase\\supabaseClient.ts": {"path":"C:\\Users\\a6r79\\EDMM\\src\\app\\api\\supabase\\supabaseClient.ts","statementMap":{"0":{"start":{"line":16,"column":13},"end":{"line":16,"column":30}},"1":{"start":{"line":1,"column":44},"end":{"line":1,"column":null}},"2":{"start":{"line":13,"column":20},"end":{"line":13,"column":56}},"3":{"start":{"line":14,"column":24},"end":{"line":14,"column":65}},"4":{"start":{"line":16,"column":30},"end":{"line":19,"column":null}}},"fnMap":{},"branchMap":{},"s":{"0":0,"1":0,"2":0,"3":0,"4":0},"f":{},"b":{}}
,"C:\\Users\\a6r79\\EDMM\\src\\app\\api\\users\\route.ts": {"path":"C:\\Users\\a6r79\\EDMM\\src\\app\\api\\users\\route.ts","statementMap":{"0":{"start":{"line":5,"column":22},"end":{"line":5,"column":27}},"1":{"start":{"line":1,"column":29},"end":{"line":1,"column":null}},"2":{"start":{"line":2,"column":43},"end":{"line":2,"column":null}},"3":{"start":{"line":6,"column":2},"end":{"line":24,"column":null}},"4":{"start":{"line":7,"column":22},"end":{"line":7,"column":null}},"5":{"start":{"line":9,"column":4},"end":{"line":14,"column":null}},"6":{"start":{"line":10,"column":6},"end":{"line":12,"column":null}},"7":{"start":{"line":16,"column":40},"end":{"line":16,"column":null}},"8":{"start":{"line":18,"column":4},"end":{"line":20,"column":null}},"9":{"start":{"line":19,"column":6},"end":{"line":19,"column":null}},"10":{"start":{"line":22,"column":4},"end":{"line":22,"column":null}},"11":{"start":{"line":23,"column":4},"end":{"line":23,"column":null}}},"fnMap":{"0":{"name":"POST","decl":{"start":{"line":5,"column":22},"end":{"line":5,"column":27}},"loc":{"start":{"line":5,"column":43},"end":{"line":25,"column":null}}}},"branchMap":{"0":{"loc":{"start":{"line":9,"column":4},"end":{"line":14,"column":null}},"type":"if","locations":[{"start":{"line":9,"column":4},"end":{"line":14,"column":null}},{"start":{},"end":{}}]},"1":{"loc":{"start":{"line":9,"column":8},"end":{"line":9,"column":40}},"type":"binary-expr","locations":[{"start":{"line":9,"column":8},"end":{"line":9,"column":21}},{"start":{"line":9,"column":25},"end":{"line":9,"column":40}}]},"2":{"loc":{"start":{"line":18,"column":4},"end":{"line":20,"column":null}},"type":"if","locations":[{"start":{"line":18,"column":4},"end":{"line":20,"column":null}},{"start":{},"end":{}}]}},"s":{"0":0,"1":0,"2":0,"3":0,"4":0,"5":0,"6":0,"7":0,"8":0,"9":0,"10":0,"11":0},"f":{"0":0},"b":{"0":[0,0],"1":[0,0],"2":[0,0]}}
,"C:\\Users\\a6r79\\EDMM\\src\\app\\auth\\callback\\route.ts": {"path":"C:\\Users\\a6r79\\EDMM\\src\\app\\auth\\callback\\route.ts","statementMap":{"0":{"start":{"line":6,"column":22},"end":{"line":6,"column":26}},"1":{"start":{"line":1,"column":41},"end":{"line":1,"column":null}},"2":{"start":{"line":2,"column":24},"end":{"line":2,"column":null}},"3":{"start":{"line":3,"column":29},"end":{"line":3,"column":null}},"4":{"start":{"line":4,"column":27},"end":{"line":4,"column":null}},"5":{"start":{"line":7,"column":21},"end":{"line":7,"column":null}},"6":{"start":{"line":8,"column":15},"end":{"line":8,"column":null}},"7":{"start":{"line":10,"column":2},"end":{"line":29,"column":null}},"8":{"start":{"line":11,"column":21},"end":{"line":11,"column":null}},"9":{"start":{"line":14,"column":8},"end":{"line":14,"column":null}},"10":{"start":{"line":16,"column":4},"end":{"line":28,"column":null}},"11":{"start":{"line":17,"column":48},"end":{"line":17,"column":60}},"12":{"start":{"line":18,"column":6},"end":{"line":27,"column":null}},"13":{"start":{"line":19,"column":29},"end":{"line":24,"column":null}},"14":{"start":{"line":26,"column":8},"end":{"line":26,"column":null}},"15":{"start":{"line":31,"column":2},"end":{"line":31,"column":null}}},"fnMap":{"0":{"name":"GET","decl":{"start":{"line":6,"column":22},"end":{"line":6,"column":26}},"loc":{"start":{"line":6,"column":42},"end":{"line":32,"column":null}}}},"branchMap":{"0":{"loc":{"start":{"line":10,"column":2},"end":{"line":29,"column":null}},"type":"if","locations":[{"start":{"line":10,"column":2},"end":{"line":29,"column":null}},{"start":{},"end":{}}]},"1":{"loc":{"start":{"line":16,"column":4},"end":{"line":28,"column":null}},"type":"if","locations":[{"start":{"line":16,"column":4},"end":{"line":28,"column":null}},{"start":{},"end":{}}]},"2":{"loc":{"start":{"line":18,"column":6},"end":{"line":27,"column":null}},"type":"if","locations":[{"start":{"line":18,"column":6},"end":{"line":27,"column":null}},{"start":{},"end":{}}]},"3":{"loc":{"start":{"line":18,"column":10},"end":{"line":18,"column":24}},"type":"binary-expr","locations":[{"start":{"line":18,"column":10},"end":{"line":18,"column":17}},{"start":{"line":18,"column":17},"end":{"line":18,"column":24}}]}},"s":{"0":0,"1":0,"2":0,"3":0,"4":0,"5":0,"6":0,"7":0,"8":0,"9":0,"10":0,"11":0,"12":0,"13":0,"14":0,"15":0},"f":{"0":0},"b":{"0":[0,0],"1":[0,0],"2":[0,0],"3":[0,0]}}
,"C:\\Users\\a6r79\\EDMM\\src\\app\\store\\audioInstanceStore.ts": {"path":"C:\\Users\\a6r79\\EDMM\\src\\app\\store\\audioInstanceStore.ts","statementMap":{"0":{"start":{"line":37,"column":0},"end":{"line":37,"column":15}},"1":{"start":{"line":1,"column":23},"end":{"line":1,"column":null}},"2":{"start":{"line":2,"column":38},"end":{"line":2,"column":null}},"3":{"start":{"line":8,"column":7},"end":{"line":8,"column":null}},"4":{"start":{"line":11,"column":30},"end":{"line":34,"column":null}},"5":{"start":{"line":13,"column":44},"end":{"line":13,"column":null}},"6":{"start":{"line":14,"column":49},"end":{"line":14,"column":null}},"7":{"start":{"line":16,"column":4},"end":{"line":23,"column":null}},"8":{"start":{"line":17,"column":6},"end":{"line":22,"column":null}},"9":{"start":{"line":25,"column":4},"end":{"line":25,"column":null}},"10":{"start":{"line":26,"column":4},"end":{"line":26,"column":null}},"11":{"start":{"line":28,"column":4},"end":{"line":33,"column":null}},"12":{"start":{"line":37,"column":15},"end":{"line":37,"column":null}}},"fnMap":{"0":{"name":"(anonymous_1)","decl":{"start":{"line":12,"column":24},"end":{"line":12,"column":25}},"loc":{"start":{"line":12,"column":25},"end":{"line":34,"column":null}}},"1":{"name":"(anonymous_2)","decl":{"start":{"line":21,"column":28},"end":{"line":21,"column":35}},"loc":{"start":{"line":21,"column":28},"end":{"line":21,"column":null}}}},"branchMap":{"0":{"loc":{"start":{"line":16,"column":4},"end":{"line":23,"column":null}},"type":"if","locations":[{"start":{"line":16,"column":4},"end":{"line":23,"column":null}},{"start":{},"end":{}}]}},"s":{"0":0,"1":0,"2":0,"3":0,"4":0,"5":0,"6":0,"7":0,"8":0,"9":0,"10":0,"11":0,"12":0},"f":{"0":0,"1":0},"b":{"0":[0,0]}}
,"C:\\Users\\a6r79\\EDMM\\src\\app\\store\\cloudinaryStore.ts": {"path":"C:\\Users\\a6r79\\EDMM\\src\\app\\store\\cloudinaryStore.ts","statementMap":{"0":{"start":{"line":27,"column":0},"end":{"line":27,"column":15}},"1":{"start":{"line":1,"column":23},"end":{"line":1,"column":null}},"2":{"start":{"line":2,"column":38},"end":{"line":2,"column":null}},"3":{"start":{"line":3,"column":54},"end":{"line":3,"column":null}},"4":{"start":{"line":16,"column":27},"end":{"line":24,"column":null}},"5":{"start":{"line":17,"column":34},"end":{"line":24,"column":null}},"6":{"start":{"line":27,"column":15},"end":{"line":27,"column":null}}},"fnMap":{"0":{"name":"(anonymous_1)","decl":{"start":{"line":17,"column":24},"end":{"line":17,"column":25}},"loc":{"start":{"line":17,"column":34},"end":{"line":24,"column":null}}}},"branchMap":{},"s":{"0":0,"1":0,"2":0,"3":0,"4":0,"5":0,"6":0},"f":{"0":0},"b":{}}
,"C:\\Users\\a6r79\\EDMM\\src\\app\\store\\favoriteStore.ts": {"path":"C:\\Users\\a6r79\\EDMM\\src\\app\\store\\favoriteStore.ts","statementMap":{"0":{"start":{"line":16,"column":0},"end":{"line":16,"column":15}},"1":{"start":{"line":1,"column":45},"end":{"line":1,"column":null}},"2":{"start":{"line":3,"column":37},"end":{"line":3,"column":null}},"3":{"start":{"line":5,"column":25},"end":{"line":13,"column":null}},"4":{"start":{"line":6,"column":17},"end":{"line":11,"column":null}},"5":{"start":{"line":13,"column":4},"end":{"line":13,"column":61}},"6":{"start":{"line":16,"column":15},"end":{"line":16,"column":null}}},"fnMap":{"0":{"name":"(anonymous_1)","decl":{"start":{"line":6,"column":2},"end":{"line":6,"column":3}},"loc":{"start":{"line":6,"column":17},"end":{"line":11,"column":null}}},"1":{"name":"(anonymous_2)","decl":{"start":{"line":12,"column":2},"end":{"line":12,"column":3}},"loc":{"start":{"line":13,"column":4},"end":{"line":13,"column":61}}}},"branchMap":{},"s":{"0":0,"1":0,"2":0,"3":0,"4":0,"5":0,"6":0},"f":{"0":0,"1":0},"b":{}}
,"C:\\Users\\a6r79\\EDMM\\src\\app\\store\\recentPlayStore.ts": {"path":"C:\\Users\\a6r79\\EDMM\\src\\app\\store\\recentPlayStore.ts","statementMap":{"0":{"start":{"line":23,"column":0},"end":{"line":23,"column":15}},"1":{"start":{"line":1,"column":23},"end":{"line":1,"column":null}},"2":{"start":{"line":2,"column":24},"end":{"line":2,"column":null}},"3":{"start":{"line":6,"column":7},"end":{"line":6,"column":null}},"4":{"start":{"line":9,"column":27},"end":{"line":19,"column":null}},"5":{"start":{"line":11,"column":14},"end":{"line":14,"column":null}},"6":{"start":{"line":18,"column":30},"end":{"line":18,"column":null}},"7":{"start":{"line":23,"column":15},"end":{"line":23,"column":null}}},"fnMap":{"0":{"name":"(anonymous_1)","decl":{"start":{"line":11,"column":4},"end":{"line":11,"column":5}},"loc":{"start":{"line":11,"column":14},"end":{"line":14,"column":null}}},"1":{"name":"(anonymous_2)","decl":{"start":{"line":18,"column":18},"end":{"line":18,"column":19}},"loc":{"start":{"line":18,"column":30},"end":{"line":18,"column":null}}}},"branchMap":{},"s":{"0":0,"1":0,"2":0,"3":0,"4":0,"5":0,"6":0,"7":0},"f":{"0":0,"1":0},"b":{}}
,"C:\\Users\\a6r79\\EDMM\\src\\app\\store\\trackStore.ts": {"path":"C:\\Users\\a6r79\\EDMM\\src\\app\\store\\trackStore.ts","statementMap":{"0":{"start":{"line":54,"column":0},"end":{"line":54,"column":15}},"1":{"start":{"line":1,"column":37},"end":{"line":1,"column":null}},"2":{"start":{"line":6,"column":7},"end":{"line":6,"column":null}},"3":{"start":{"line":8,"column":30},"end":{"line":8,"column":null}},"4":{"start":{"line":20,"column":7},"end":{"line":20,"column":null}},"5":{"start":{"line":22,"column":22},"end":{"line":49,"column":null}},"6":{"start":{"line":25,"column":35},"end":{"line":43,"column":null}},"7":{"start":{"line":46,"column":41},"end":{"line":46,"column":null}},"8":{"start":{"line":54,"column":15},"end":{"line":54,"column":null}}},"fnMap":{"0":{"name":"(anonymous_1)","decl":{"start":{"line":25,"column":6},"end":{"line":25,"column":7}},"loc":{"start":{"line":25,"column":35},"end":{"line":43,"column":null}}},"1":{"name":"(anonymous_2)","decl":{"start":{"line":46,"column":35},"end":{"line":46,"column":41}},"loc":{"start":{"line":46,"column":41},"end":{"line":46,"column":null}}}},"branchMap":{},"s":{"0":0,"1":0,"2":0,"3":0,"4":0,"5":0,"6":0,"7":0,"8":0},"f":{"0":0,"1":0},"b":{}}
,"C:\\Users\\a6r79\\EDMM\\src\\app\\store\\service\\storeService.ts": {"path":"C:\\Users\\a6r79\\EDMM\\src\\app\\store\\service\\storeService.ts","statementMap":{"0":{"start":{"line":93,"column":13},"end":{"line":93,"column":29}},"1":{"start":{"line":40,"column":13},"end":{"line":40,"column":36}},"2":{"start":{"line":20,"column":13},"end":{"line":20,"column":29}},"3":{"start":{"line":57,"column":13},"end":{"line":57,"column":31}},"4":{"start":{"line":88,"column":13},"end":{"line":88,"column":19}},"5":{"start":{"line":106,"column":13},"end":{"line":106,"column":30}},"6":{"start":{"line":119,"column":13},"end":{"line":119,"column":31}},"7":{"start":{"line":69,"column":13},"end":{"line":69,"column":27}},"8":{"start":{"line":72,"column":13},"end":{"line":72,"column":24}},"9":{"start":{"line":122,"column":13},"end":{"line":122,"column":25}},"10":{"start":{"line":75,"column":13},"end":{"line":75,"column":27}},"11":{"start":{"line":66,"column":13},"end":{"line":66,"column":25}},"12":{"start":{"line":43,"column":13},"end":{"line":43,"column":21}},"13":{"start":{"line":79,"column":13},"end":{"line":79,"column":22}},"14":{"start":{"line":125,"column":13},"end":{"line":125,"column":27}},"15":{"start":{"line":82,"column":13},"end":{"line":82,"column":23}},"16":{"start":{"line":63,"column":13},"end":{"line":63,"column":28}},"17":{"start":{"line":7,"column":29},"end":{"line":7,"column":null}},"18":{"start":{"line":9,"column":34},"end":{"line":9,"column":null}},"19":{"start":{"line":11,"column":26},"end":{"line":11,"column":null}},"20":{"start":{"line":20,"column":32},"end":{"line":38,"column":null}},"21":{"start":{"line":20,"column":39},"end":{"line":38,"column":null}},"22":{"start":{"line":22,"column":4},"end":{"line":27,"column":null}},"23":{"start":{"line":23,"column":6},"end":{"line":26,"column":null}},"24":{"start":{"line":28,"column":4},"end":{"line":28,"column":null}},"25":{"start":{"line":31,"column":4},"end":{"line":35,"column":null}},"26":{"start":{"line":32,"column":6},"end":{"line":34,"column":null}},"27":{"start":{"line":33,"column":8},"end":{"line":33,"column":null}},"28":{"start":{"line":36,"column":4},"end":{"line":36,"column":null}},"29":{"start":{"line":40,"column":39},"end":{"line":41,"column":null}},"30":{"start":{"line":41,"column":2},"end":{"line":41,"column":null}},"31":{"start":{"line":41,"column":26},"end":{"line":41,"column":40}},"32":{"start":{"line":44,"column":2},"end":{"line":55,"column":null}},"33":{"start":{"line":45,"column":2},"end":{"line":55,"column":null}},"34":{"start":{"line":46,"column":4},"end":{"line":48,"column":null}},"35":{"start":{"line":47,"column":6},"end":{"line":47,"column":null}},"36":{"start":{"line":49,"column":4},"end":{"line":54,"column":null}},"37":{"start":{"line":49,"column":38},"end":{"line":54,"column":null}},"38":{"start":{"line":57,"column":34},"end":{"line":61,"column":null}},"39":{"start":{"line":57,"column":64},"end":{"line":61,"column":null}},"40":{"start":{"line":63,"column":31},"end":{"line":64,"column":null}},"41":{"start":{"line":63,"column":59},"end":{"line":64,"column":null}},"42":{"start":{"line":64,"column":2},"end":{"line":64,"column":null}},"43":{"start":{"line":64,"column":36},"end":{"line":64,"column":null}},"44":{"start":{"line":66,"column":28},"end":{"line":67,"column":null}},"45":{"start":{"line":66,"column":56},"end":{"line":67,"column":null}},"46":{"start":{"line":67,"column":2},"end":{"line":67,"column":null}},"47":{"start":{"line":69,"column":30},"end":{"line":70,"column":null}},"48":{"start":{"line":69,"column":58},"end":{"line":70,"column":null}},"49":{"start":{"line":70,"column":2},"end":{"line":70,"column":null}},"50":{"start":{"line":72,"column":27},"end":{"line":73,"column":null}},"51":{"start":{"line":72,"column":55},"end":{"line":73,"column":null}},"52":{"start":{"line":73,"column":2},"end":{"line":73,"column":null}},"53":{"start":{"line":76,"column":2},"end":{"line":77,"column":null}},"54":{"start":{"line":76,"column":30},"end":{"line":77,"column":null}},"55":{"start":{"line":77,"column":4},"end":{"line":77,"column":null}},"56":{"start":{"line":79,"column":25},"end":{"line":80,"column":null}},"57":{"start":{"line":79,"column":53},"end":{"line":80,"column":null}},"58":{"start":{"line":80,"column":2},"end":{"line":80,"column":null}},"59":{"start":{"line":82,"column":26},"end":{"line":86,"column":null}},"60":{"start":{"line":82,"column":54},"end":{"line":86,"column":null}},"61":{"start":{"line":83,"column":2},"end":{"line":86,"column":null}},"62":{"start":{"line":83,"column":36},"end":{"line":86,"column":null}},"63":{"start":{"line":88,"column":22},"end":{"line":91,"column":null}},"64":{"start":{"line":88,"column":50},"end":{"line":91,"column":null}},"65":{"start":{"line":89,"column":2},"end":{"line":91,"column":null}},"66":{"start":{"line":89,"column":36},"end":{"line":91,"column":null}},"67":{"start":{"line":93,"column":32},"end":{"line":104,"column":null}},"68":{"start":{"line":93,"column":46},"end":{"line":104,"column":null}},"69":{"start":{"line":94,"column":2},"end":{"line":103,"column":null}},"70":{"start":{"line":95,"column":30},"end":{"line":95,"column":null}},"71":{"start":{"line":96,"column":4},"end":{"line":101,"column":null}},"72":{"start":{"line":97,"column":28},"end":{"line":97,"column":null}},"73":{"start":{"line":98,"column":6},"end":{"line":100,"column":null}},"74":{"start":{"line":99,"column":8},"end":{"line":99,"column":null}},"75":{"start":{"line":102,"column":4},"end":{"line":102,"column":null}},"76":{"start":{"line":106,"column":33},"end":{"line":117,"column":null}},"77":{"start":{"line":106,"column":47},"end":{"line":117,"column":null}},"78":{"start":{"line":107,"column":2},"end":{"line":117,"column":null}},"79":{"start":{"line":108,"column":24},"end":{"line":108,"column":44}},"80":{"start":{"line":109,"column":4},"end":{"line":109,"column":null}},"81":{"start":{"line":109,"column":31},"end":{"line":109,"column":null}},"82":{"start":{"line":110,"column":4},"end":{"line":112,"column":null}},"83":{"start":{"line":111,"column":6},"end":{"line":111,"column":null}},"84":{"start":{"line":113,"column":4},"end":{"line":115,"column":null}},"85":{"start":{"line":114,"column":6},"end":{"line":114,"column":null}},"86":{"start":{"line":116,"column":4},"end":{"line":116,"column":null}},"87":{"start":{"line":119,"column":34},"end":{"line":120,"column":null}},"88":{"start":{"line":119,"column":48},"end":{"line":120,"column":null}},"89":{"start":{"line":120,"column":2},"end":{"line":120,"column":null}},"90":{"start":{"line":122,"column":28},"end":{"line":123,"column":null}},"91":{"start":{"line":122,"column":42},"end":{"line":123,"column":null}},"92":{"start":{"line":123,"column":2},"end":{"line":123,"column":null}},"93":{"start":{"line":126,"column":2},"end":{"line":128,"column":null}},"94":{"start":{"line":126,"column":26},"end":{"line":128,"column":null}},"95":{"start":{"line":127,"column":4},"end":{"line":127,"column":null}}},"fnMap":{"0":{"name":"(anonymous_18)","decl":{"start":{"line":20,"column":32},"end":{"line":20,"column":39}},"loc":{"start":{"line":20,"column":39},"end":{"line":38,"column":null}}},"1":{"name":"(anonymous_19)","decl":{"start":{"line":21,"column":12},"end":{"line":21,"column":13}},"loc":{"start":{"line":21,"column":26},"end":{"line":29,"column":null}}},"2":{"name":"(anonymous_20)","decl":{"start":{"line":30,"column":11},"end":{"line":30,"column":12}},"loc":{"start":{"line":30,"column":25},"end":{"line":37,"column":null}}},"3":{"name":"(anonymous_21)","decl":{"start":{"line":40,"column":39},"end":{"line":40,"column":null}},"loc":{"start":{"line":41,"column":2},"end":{"line":41,"column":null}}},"4":{"name":"(anonymous_22)","decl":{"start":{"line":41,"column":20},"end":{"line":41,"column":26}},"loc":{"start":{"line":41,"column":26},"end":{"line":41,"column":40}}},"5":{"name":"(anonymous_23)","decl":{"start":{"line":44,"column":2},"end":{"line":44,"column":3}},"loc":{"start":{"line":45,"column":2},"end":{"line":55,"column":null}}},"6":{"name":"(anonymous_24)","decl":{"start":{"line":45,"column":2},"end":{"line":45,"column":3}},"loc":{"start":{"line":45,"column":44},"end":{"line":55,"column":null}}},"7":{"name":"(anonymous_25)","decl":{"start":{"line":49,"column":8},"end":{"line":49,"column":9}},"loc":{"start":{"line":49,"column":38},"end":{"line":54,"column":null}}},"8":{"name":"(anonymous_26)","decl":{"start":{"line":57,"column":34},"end":{"line":57,"column":35}},"loc":{"start":{"line":57,"column":64},"end":{"line":61,"column":null}}},"9":{"name":"(anonymous_27)","decl":{"start":{"line":63,"column":31},"end":{"line":63,"column":32}},"loc":{"start":{"line":63,"column":59},"end":{"line":64,"column":null}}},"10":{"name":"(anonymous_28)","decl":{"start":{"line":63,"column":59},"end":{"line":63,"column":null}},"loc":{"start":{"line":64,"column":2},"end":{"line":64,"column":null}}},"11":{"name":"(anonymous_29)","decl":{"start":{"line":64,"column":6},"end":{"line":64,"column":7}},"loc":{"start":{"line":64,"column":36},"end":{"line":64,"column":null}}},"12":{"name":"(anonymous_30)","decl":{"start":{"line":66,"column":28},"end":{"line":66,"column":29}},"loc":{"start":{"line":66,"column":56},"end":{"line":67,"column":null}}},"13":{"name":"(anonymous_31)","decl":{"start":{"line":66,"column":56},"end":{"line":66,"column":57}},"loc":{"start":{"line":67,"column":2},"end":{"line":67,"column":null}}},"14":{"name":"(anonymous_32)","decl":{"start":{"line":69,"column":30},"end":{"line":69,"column":31}},"loc":{"start":{"line":69,"column":58},"end":{"line":70,"column":null}}},"15":{"name":"(anonymous_33)","decl":{"start":{"line":69,"column":58},"end":{"line":69,"column":59}},"loc":{"start":{"line":70,"column":2},"end":{"line":70,"column":null}}},"16":{"name":"(anonymous_34)","decl":{"start":{"line":72,"column":27},"end":{"line":72,"column":28}},"loc":{"start":{"line":72,"column":55},"end":{"line":73,"column":null}}},"17":{"name":"(anonymous_35)","decl":{"start":{"line":72,"column":55},"end":{"line":72,"column":56}},"loc":{"start":{"line":73,"column":2},"end":{"line":73,"column":null}}},"18":{"name":"(anonymous_36)","decl":{"start":{"line":76,"column":2},"end":{"line":76,"column":3}},"loc":{"start":{"line":76,"column":30},"end":{"line":77,"column":null}}},"19":{"name":"(anonymous_37)","decl":{"start":{"line":76,"column":30},"end":{"line":76,"column":31}},"loc":{"start":{"line":77,"column":4},"end":{"line":77,"column":null}}},"20":{"name":"(anonymous_38)","decl":{"start":{"line":79,"column":25},"end":{"line":79,"column":26}},"loc":{"start":{"line":79,"column":53},"end":{"line":80,"column":null}}},"21":{"name":"(anonymous_39)","decl":{"start":{"line":79,"column":53},"end":{"line":79,"column":54}},"loc":{"start":{"line":80,"column":2},"end":{"line":80,"column":null}}},"22":{"name":"(anonymous_40)","decl":{"start":{"line":82,"column":26},"end":{"line":82,"column":27}},"loc":{"start":{"line":82,"column":54},"end":{"line":86,"column":null}}},"23":{"name":"(anonymous_41)","decl":{"start":{"line":82,"column":54},"end":{"line":82,"column":null}},"loc":{"start":{"line":83,"column":2},"end":{"line":86,"column":null}}},"24":{"name":"(anonymous_42)","decl":{"start":{"line":83,"column":6},"end":{"line":83,"column":7}},"loc":{"start":{"line":83,"column":36},"end":{"line":86,"column":null}}},"25":{"name":"(anonymous_43)","decl":{"start":{"line":88,"column":22},"end":{"line":88,"column":23}},"loc":{"start":{"line":88,"column":50},"end":{"line":91,"column":null}}},"26":{"name":"(anonymous_44)","decl":{"start":{"line":88,"column":50},"end":{"line":88,"column":51}},"loc":{"start":{"line":89,"column":2},"end":{"line":91,"column":null}}},"27":{"name":"(anonymous_45)","decl":{"start":{"line":89,"column":6},"end":{"line":89,"column":7}},"loc":{"start":{"line":89,"column":36},"end":{"line":91,"column":null}}},"28":{"name":"(anonymous_46)","decl":{"start":{"line":93,"column":32},"end":{"line":93,"column":33}},"loc":{"start":{"line":93,"column":46},"end":{"line":104,"column":null}}},"29":{"name":"(anonymous_47)","decl":{"start":{"line":93,"column":46},"end":{"line":93,"column":47}},"loc":{"start":{"line":93,"column":47},"end":{"line":104,"column":null}}},"30":{"name":"(anonymous_48)","decl":{"start":{"line":94,"column":6},"end":{"line":94,"column":7}},"loc":{"start":{"line":94,"column":7},"end":{"line":103,"column":null}}},"31":{"name":"(anonymous_49)","decl":{"start":{"line":106,"column":33},"end":{"line":106,"column":34}},"loc":{"start":{"line":106,"column":47},"end":{"line":117,"column":null}}},"32":{"name":"(anonymous_50)","decl":{"start":{"line":106,"column":47},"end":{"line":106,"column":48}},"loc":{"start":{"line":107,"column":2},"end":{"line":117,"column":null}}},"33":{"name":"(anonymous_51)","decl":{"start":{"line":107,"column":6},"end":{"line":107,"column":7}},"loc":{"start":{"line":107,"column":7},"end":{"line":117,"column":null}}},"34":{"name":"(anonymous_52)","decl":{"start":{"line":119,"column":34},"end":{"line":119,"column":35}},"loc":{"start":{"line":119,"column":48},"end":{"line":120,"column":null}}},"35":{"name":"(anonymous_53)","decl":{"start":{"line":119,"column":48},"end":{"line":119,"column":49}},"loc":{"start":{"line":120,"column":2},"end":{"line":120,"column":null}}},"36":{"name":"(anonymous_54)","decl":{"start":{"line":122,"column":28},"end":{"line":122,"column":29}},"loc":{"start":{"line":122,"column":42},"end":{"line":123,"column":null}}},"37":{"name":"(anonymous_55)","decl":{"start":{"line":122,"column":42},"end":{"line":122,"column":43}},"loc":{"start":{"line":123,"column":2},"end":{"line":123,"column":null}}},"38":{"name":"(anonymous_56)","decl":{"start":{"line":126,"column":2},"end":{"line":126,"column":3}},"loc":{"start":{"line":126,"column":26},"end":{"line":128,"column":null}}},"39":{"name":"(anonymous_57)","decl":{"start":{"line":126,"column":26},"end":{"line":126,"column":33}},"loc":{"start":{"line":126,"column":50},"end":{"line":128,"column":null}}}},"branchMap":{"0":{"loc":{"start":{"line":22,"column":4},"end":{"line":27,"column":null}},"type":"if","locations":[{"start":{"line":22,"column":4},"end":{"line":27,"column":null}},{"start":{},"end":{}}]},"1":{"loc":{"start":{"line":31,"column":4},"end":{"line":35,"column":null}},"type":"if","locations":[{"start":{"line":31,"column":4},"end":{"line":35,"column":null}},{"start":{},"end":{}}]},"2":{"loc":{"start":{"line":31,"column":8},"end":{"line":31,"column":53}},"type":"binary-expr","locations":[{"start":{"line":31,"column":8},"end":{"line":31,"column":37}},{"start":{"line":31,"column":37},"end":{"line":31,"column":53}}]},"3":{"loc":{"start":{"line":32,"column":6},"end":{"line":34,"column":null}},"type":"if","locations":[{"start":{"line":32,"column":6},"end":{"line":34,"column":null}},{"start":{},"end":{}}]},"4":{"loc":{"start":{"line":45,"column":21},"end":{"line":45,"column":44}},"type":"default-arg","locations":[{"start":{"line":45,"column":39},"end":{"line":45,"column":44}}]},"5":{"loc":{"start":{"line":46,"column":4},"end":{"line":48,"column":null}},"type":"if","locations":[{"start":{"line":46,"column":4},"end":{"line":48,"column":null}},{"start":{},"end":{}}]},"6":{"loc":{"start":{"line":46,"column":8},"end":{"line":46,"column":43}},"type":"binary-expr","locations":[{"start":{"line":46,"column":8},"end":{"line":46,"column":21}},{"start":{"line":46,"column":25},"end":{"line":46,"column":43}}]},"7":{"loc":{"start":{"line":85,"column":12},"end":{"line":85,"column":null}},"type":"cond-expr","locations":[{"start":{"line":85,"column":28},"end":{"line":85,"column":50}},{"start":{"line":85,"column":50},"end":{"line":85,"column":null}}]},"8":{"loc":{"start":{"line":85,"column":28},"end":{"line":85,"column":50}},"type":"binary-expr","locations":[{"start":{"line":85,"column":28},"end":{"line":85,"column":40}},{"start":{"line":85,"column":44},"end":{"line":85,"column":50}}]},"9":{"loc":{"start":{"line":90,"column":32},"end":{"line":90,"column":null}},"type":"binary-expr","locations":[{"start":{"line":90,"column":32},"end":{"line":90,"column":46}},{"start":{"line":90,"column":50},"end":{"line":90,"column":null}}]},"10":{"loc":{"start":{"line":98,"column":6},"end":{"line":100,"column":null}},"type":"if","locations":[{"start":{"line":98,"column":6},"end":{"line":100,"column":null}},{"start":{},"end":{}}]},"11":{"loc":{"start":{"line":109,"column":4},"end":{"line":109,"column":null}},"type":"if","locations":[{"start":{"line":109,"column":4},"end":{"line":109,"column":null}},{"start":{},"end":{}}]},"12":{"loc":{"start":{"line":109,"column":8},"end":{"line":109,"column":31}},"type":"binary-expr","locations":[{"start":{"line":109,"column":8},"end":{"line":109,"column":24}},{"start":{"line":109,"column":24},"end":{"line":109,"column":31}}]},"13":{"loc":{"start":{"line":110,"column":4},"end":{"line":112,"column":null}},"type":"if","locations":[{"start":{"line":110,"column":4},"end":{"line":112,"column":null}},{"start":{},"end":{}}]},"14":{"loc":{"start":{"line":110,"column":8},"end":{"line":110,"column":31}},"type":"binary-expr","locations":[{"start":{"line":110,"column":8},"end":{"line":110,"column":24}},{"start":{"line":110,"column":24},"end":{"line":110,"column":31}}]},"15":{"loc":{"start":{"line":113,"column":4},"end":{"line":115,"column":null}},"type":"if","locations":[{"start":{"line":113,"column":4},"end":{"line":115,"column":null}},{"start":{},"end":{}}]}},"s":{"0":0,"1":0,"2":0,"3":0,"4":0,"5":0,"6":0,"7":0,"8":0,"9":0,"10":0,"11":0,"12":0,"13":0,"14":0,"15":0,"16":0,"17":0,"18":0,"19":0,"20":0,"21":0,"22":0,"23":0,"24":0,"25":0,"26":0,"27":0,"28":0,"29":0,"30":0,"31":0,"32":0,"33":0,"34":0,"35":0,"36":0,"37":0,"38":0,"39":0,"40":0,"41":0,"42":0,"43":0,"44":0,"45":0,"46":0,"47":0,"48":0,"49":0,"50":0,"51":0,"52":0,"53":0,"54":0,"55":0,"56":0,"57":0,"58":0,"59":0,"60":0,"61":0,"62":0,"63":0,"64":0,"65":0,"66":0,"67":0,"68":0,"69":0,"70":0,"71":0,"72":0,"73":0,"74":0,"75":0,"76":0,"77":0,"78":0,"79":0,"80":0,"81":0,"82":0,"83":0,"84":0,"85":0,"86":0,"87":0,"88":0,"89":0,"90":0,"91":0,"92":0,"93":0,"94":0,"95":0},"f":{"0":0,"1":0,"2":0,"3":0,"4":0,"5":0,"6":0,"7":0,"8":0,"9":0,"10":0,"11":0,"12":0,"13":0,"14":0,"15":0,"16":0,"17":0,"18":0,"19":0,"20":0,"21":0,"22":0,"23":0,"24":0,"25":0,"26":0,"27":0,"28":0,"29":0,"30":0,"31":0,"32":0,"33":0,"34":0,"35":0,"36":0,"37":0,"38":0,"39":0},"b":{"0":[0,0],"1":[0,0],"2":[0,0],"3":[0,0],"4":[0],"5":[0,0],"6":[0,0],"7":[0,0],"8":[0,0],"9":[0,0],"10":[0,0],"11":[0,0],"12":[0,0],"13":[0,0],"14":[0,0],"15":[0,0]}}
,"C:\\Users\\a6r79\\EDMM\\src\\entities\\ToggleFavorite\\favoriteSchema.ts": {"path":"C:\\Users\\a6r79\\EDMM\\src\\entities\\ToggleFavorite\\favoriteSchema.ts","statementMap":{"0":{"start":{"line":11,"column":13},"end":{"line":11,"column":25}},"1":{"start":{"line":8,"column":7},"end":{"line":8,"column":null}},"2":{"start":{"line":9,"column":22},"end":{"line":9,"column":null}},"3":{"start":{"line":11,"column":25},"end":{"line":27,"column":null}},"4":{"start":{"line":17,"column":24},"end":{"line":17,"column":33}},"5":{"start":{"line":24,"column":4},"end":{"line":26,"column":null}}},"fnMap":{"0":{"name":"(anonymous_1)","decl":{"start":{"line":17,"column":18},"end":{"line":17,"column":24}},"loc":{"start":{"line":17,"column":24},"end":{"line":17,"column":33}}},"1":{"name":"(anonymous_2)","decl":{"start":{"line":23,"column":2},"end":{"line":23,"column":3}},"loc":{"start":{"line":23,"column":3},"end":{"line":27,"column":null}}}},"branchMap":{},"s":{"0":0,"1":0,"2":0,"3":0,"4":0,"5":0},"f":{"0":0,"1":0},"b":{}}
,"C:\\Users\\a6r79\\EDMM\\src\\entities\\ToggleFavorite\\favoritesQuery.ts": {"path":"C:\\Users\\a6r79\\EDMM\\src\\entities\\ToggleFavorite\\favoritesQuery.ts","statementMap":{"0":{"start":{"line":21,"column":13},"end":{"line":21,"column":24}},"1":{"start":{"line":6,"column":13},"end":{"line":6,"column":33}},"2":{"start":{"line":35,"column":13},"end":{"line":35,"column":27}},"3":{"start":{"line":1,"column":19},"end":{"line":1,"column":null}},"4":{"start":{"line":2,"column":26},"end":{"line":2,"column":null}},"5":{"start":{"line":3,"column":24},"end":{"line":3,"column":null}},"6":{"start":{"line":4,"column":22},"end":{"line":4,"column":null}},"7":{"start":{"line":6,"column":36},"end":{"line":18,"column":null}},"8":{"start":{"line":8,"column":4},"end":{"line":17,"column":null}},"9":{"start":{"line":9,"column":28},"end":{"line":12,"column":null}},"10":{"start":{"line":13,"column":6},"end":{"line":13,"column":null}},"11":{"start":{"line":15,"column":6},"end":{"line":15,"column":null}},"12":{"start":{"line":16,"column":6},"end":{"line":16,"column":null}},"13":{"start":{"line":21,"column":27},"end":{"line":32,"column":null}},"14":{"start":{"line":23,"column":4},"end":{"line":31,"column":null}},"15":{"start":{"line":24,"column":6},"end":{"line":27,"column":32}},"16":{"start":{"line":29,"column":6},"end":{"line":29,"column":null}},"17":{"start":{"line":30,"column":6},"end":{"line":30,"column":null}},"18":{"start":{"line":35,"column":30},"end":{"line":47,"column":null}},"19":{"start":{"line":37,"column":4},"end":{"line":46,"column":null}},"20":{"start":{"line":38,"column":6},"end":{"line":41,"column":null}},"21":{"start":{"line":44,"column":6},"end":{"line":44,"column":null}},"22":{"start":{"line":45,"column":6},"end":{"line":45,"column":null}}},"fnMap":{"0":{"name":"(anonymous_4)","decl":{"start":{"line":7,"column":2},"end":{"line":7,"column":9}},"loc":{"start":{"line":7,"column":9},"end":{"line":18,"column":null}}},"1":{"name":"(anonymous_5)","decl":{"start":{"line":22,"column":2},"end":{"line":22,"column":9}},"loc":{"start":{"line":22,"column":25},"end":{"line":32,"column":null}}},"2":{"name":"(anonymous_6)","decl":{"start":{"line":36,"column":2},"end":{"line":36,"column":9}},"loc":{"start":{"line":36,"column":25},"end":{"line":47,"column":null}}}},"branchMap":{},"s":{"0":0,"1":0,"2":0,"3":0,"4":0,"5":0,"6":0,"7":0,"8":0,"9":0,"10":0,"11":0,"12":0,"13":0,"14":0,"15":0,"16":0,"17":0,"18":0,"19":0,"20":0,"21":0,"22":0},"f":{"0":0,"1":0,"2":0},"b":{}}
,"C:\\Users\\a6r79\\EDMM\\src\\entities\\Track\\trackFavoriteAdapter.ts": {"path":"C:\\Users\\a6r79\\EDMM\\src\\entities\\Track\\trackFavoriteAdapter.ts","statementMap":{"0":{"start":{"line":11,"column":13},"end":{"line":11,"column":null}},"1":{"start":{"line":13,"column":4},"end":{"line":49,"column":null}},"2":{"start":{"line":14,"column":6},"end":{"line":31,"column":null}},"3":{"start":{"line":15,"column":8},"end":{"line":30,"column":null}},"4":{"start":{"line":33,"column":6},"end":{"line":43,"column":null}},"5":{"start":{"line":34,"column":8},"end":{"line":42,"column":null}},"6":{"start":{"line":45,"column":6},"end":{"line":45,"column":null}},"7":{"start":{"line":47,"column":6},"end":{"line":47,"column":null}},"8":{"start":{"line":48,"column":6},"end":{"line":48,"column":null}},"9":{"start":{"line":55,"column":4},"end":{"line":55,"column":null}},"10":{"start":{"line":61,"column":4},"end":{"line":61,"column":null}}},"fnMap":{"0":{"name":"(anonymous_1)","decl":{"start":{"line":12,"column":2},"end":{"line":12,"column":9}},"loc":{"start":{"line":12,"column":73},"end":{"line":50,"column":null}}},"1":{"name":"(anonymous_2)","decl":{"start":{"line":52,"column":2},"end":{"line":52,"column":17}},"loc":{"start":{"line":54,"column":33},"end":{"line":56,"column":null}}},"2":{"name":"(anonymous_3)","decl":{"start":{"line":58,"column":2},"end":{"line":58,"column":17}},"loc":{"start":{"line":60,"column":24},"end":{"line":62,"column":null}}}},"branchMap":{"0":{"loc":{"start":{"line":14,"column":6},"end":{"line":31,"column":null}},"type":"if","locations":[{"start":{"line":14,"column":6},"end":{"line":31,"column":null}},{"start":{},"end":{}}]},"1":{"loc":{"start":{"line":33,"column":6},"end":{"line":43,"column":null}},"type":"if","locations":[{"start":{"line":33,"column":6},"end":{"line":43,"column":null}},{"start":{},"end":{}}]},"2":{"loc":{"start":{"line":55,"column":11},"end":{"line":55,"column":null}},"type":"binary-expr","locations":[{"start":{"line":55,"column":11},"end":{"line":55,"column":34}},{"start":{"line":55,"column":34},"end":{"line":55,"column":null}}]},"3":{"loc":{"start":{"line":61,"column":11},"end":{"line":61,"column":null}},"type":"binary-expr","locations":[{"start":{"line":61,"column":11},"end":{"line":61,"column":33}},{"start":{"line":61,"column":33},"end":{"line":61,"column":null}}]}},"s":{"0":0,"1":0,"2":0,"3":0,"4":0,"5":0,"6":0,"7":0,"8":0,"9":0,"10":0},"f":{"0":0,"1":0,"2":0},"b":{"0":[0,0],"1":[0,0],"2":[0,0],"3":[0,0]}}
,"C:\\Users\\a6r79\\EDMM\\src\\entities\\User\\userQuery.ts": {"path":"C:\\Users\\a6r79\\EDMM\\src\\entities\\User\\userQuery.ts","statementMap":{"0":{"start":{"line":27,"column":22},"end":{"line":27,"column":32}},"1":{"start":{"line":13,"column":13},"end":{"line":13,"column":21}},"2":{"start":{"line":1,"column":19},"end":{"line":1,"column":null}},"3":{"start":{"line":2,"column":22},"end":{"line":2,"column":null}},"4":{"start":{"line":3,"column":24},"end":{"line":3,"column":null}},"5":{"start":{"line":5,"column":22},"end":{"line":5,"column":null}},"6":{"start":{"line":13,"column":24},"end":{"line":25,"column":null}},"7":{"start":{"line":14,"column":2},"end":{"line":17,"column":null}},"8":{"start":{"line":15,"column":4},"end":{"line":15,"column":null}},"9":{"start":{"line":16,"column":4},"end":{"line":16,"column":null}},"10":{"start":{"line":19,"column":15},"end":{"line":23,"column":null}},"11":{"start":{"line":24,"column":2},"end":{"line":24,"column":null}},"12":{"start":{"line":30,"column":2},"end":{"line":57,"column":null}},"13":{"start":{"line":31,"column":17},"end":{"line":31,"column":null}},"14":{"start":{"line":32,"column":4},"end":{"line":35,"column":null}},"15":{"start":{"line":33,"column":6},"end":{"line":33,"column":null}},"16":{"start":{"line":34,"column":6},"end":{"line":34,"column":null}},"17":{"start":{"line":37,"column":20},"end":{"line":42,"column":null}},"18":{"start":{"line":44,"column":19},"end":{"line":44,"column":null}},"19":{"start":{"line":46,"column":4},"end":{"line":49,"column":null}},"20":{"start":{"line":47,"column":6},"end":{"line":47,"column":null}},"21":{"start":{"line":48,"column":6},"end":{"line":48,"column":null}},"22":{"start":{"line":50,"column":4},"end":{"line":51,"column":null}},"23":{"start":{"line":53,"column":4},"end":{"line":53,"column":null}},"24":{"start":{"line":55,"column":4},"end":{"line":55,"column":null}},"25":{"start":{"line":56,"column":4},"end":{"line":56,"column":null}}},"fnMap":{"0":{"name":"(anonymous_3)","decl":{"start":{"line":13,"column":30},"end":{"line":13,"column":37}},"loc":{"start":{"line":13,"column":37},"end":{"line":25,"column":null}}},"1":{"name":"createUser","decl":{"start":{"line":27,"column":22},"end":{"line":27,"column":32}},"loc":{"start":{"line":28,"column":32},"end":{"line":58,"column":null}}}},"branchMap":{"0":{"loc":{"start":{"line":14,"column":2},"end":{"line":17,"column":null}},"type":"if","locations":[{"start":{"line":14,"column":2},"end":{"line":17,"column":null}},{"start":{},"end":{}}]},"1":{"loc":{"start":{"line":32,"column":4},"end":{"line":35,"column":null}},"type":"if","locations":[{"start":{"line":32,"column":4},"end":{"line":35,"column":null}},{"start":{},"end":{}}]},"2":{"loc":{"start":{"line":46,"column":4},"end":{"line":49,"column":null}},"type":"if","locations":[{"start":{"line":46,"column":4},"end":{"line":49,"column":null}},{"start":{},"end":{}}]}},"s":{"0":0,"1":0,"2":0,"3":0,"4":0,"5":0,"6":0,"7":0,"8":0,"9":0,"10":0,"11":0,"12":0,"13":0,"14":0,"15":0,"16":0,"17":0,"18":0,"19":0,"20":0,"21":0,"22":0,"23":0,"24":0,"25":0},"f":{"0":0,"1":0},"b":{"0":[0,0],"1":[0,0],"2":[0,0]}}
,"C:\\Users\\a6r79\\EDMM\\src\\entities\\User\\userSchema.ts": {"path":"C:\\Users\\a6r79\\EDMM\\src\\entities\\User\\userSchema.ts","statementMap":{"0":{"start":{"line":9,"column":13},"end":{"line":9,"column":21}},"1":{"start":{"line":7,"column":7},"end":{"line":7,"column":null}},"2":{"start":{"line":9,"column":21},"end":{"line":26,"column":null}},"3":{"start":{"line":22,"column":4},"end":{"line":25,"column":null}}},"fnMap":{"0":{"name":"(anonymous_1)","decl":{"start":{"line":21,"column":2},"end":{"line":21,"column":3}},"loc":{"start":{"line":21,"column":3},"end":{"line":26,"column":null}}}},"branchMap":{},"s":{"0":0,"1":0,"2":0,"3":0},"f":{"0":0},"b":{}}
,"C:\\Users\\a6r79\\EDMM\\src\\features\\audio\\components\\albumArtwork.tsx": {"path":"C:\\Users\\a6r79\\EDMM\\src\\features\\audio\\components\\albumArtwork.tsx","statementMap":{"0":{"start":{"line":51,"column":0},"end":{"line":51,"column":15}},"1":{"start":{"line":1,"column":18},"end":{"line":1,"column":null}},"2":{"start":{"line":2,"column":25},"end":{"line":2,"column":null}},"3":{"start":{"line":3,"column":17},"end":{"line":3,"column":null}},"4":{"start":{"line":4,"column":34},"end":{"line":4,"column":null}},"5":{"start":{"line":7,"column":58},"end":{"line":49,"column":null}},"6":{"start":{"line":51,"column":15},"end":{"line":51,"column":null}}},"fnMap":{"0":{"name":"(anonymous_2)","decl":{"start":{"line":7,"column":58},"end":{"line":7,"column":59}},"loc":{"start":{"line":12,"column":1},"end":{"line":49,"column":null}}}},"branchMap":{"0":{"loc":{"start":{"line":21,"column":8},"end":{"line":22,"column":null}},"type":"cond-expr","locations":[{"start":{"line":21,"column":8},"end":{"line":22,"column":null}}]},"1":{"loc":{"start":{"line":27,"column":12},"end":{"line":27,"column":null}},"type":"binary-expr","locations":[{"start":{"line":27,"column":12},"end":{"line":27,"column":25}},{"start":{"line":27,"column":25},"end":{"line":27,"column":null}}]}},"s":{"0":0,"1":0,"2":0,"3":0,"4":0,"5":0,"6":0},"f":{"0":0},"b":{"0":[0],"1":[0,0]}}
,"C:\\Users\\a6r79\\EDMM\\src\\features\\audio\\components\\playerControlsSection.tsx": {"path":"C:\\Users\\a6r79\\EDMM\\src\\features\\audio\\components\\playerControlsSection.tsx","statementMap":{"0":{"start":{"line":163,"column":0},"end":{"line":163,"column":15}},"1":{"start":{"line":1,"column":33},"end":{"line":1,"column":null}},"2":{"start":{"line":2,"column":31},"end":{"line":2,"column":null}},"3":{"start":{"line":11,"column":7},"end":{"line":11,"column":null}},"4":{"start":{"line":12,"column":33},"end":{"line":12,"column":null}},"5":{"start":{"line":13,"column":36},"end":{"line":13,"column":null}},"6":{"start":{"line":14,"column":33},"end":{"line":14,"column":null}},"7":{"start":{"line":16,"column":68},"end":{"line":161,"column":null}},"8":{"start":{"line":29,"column":6},"end":{"line":29,"column":null}},"9":{"start":{"line":32,"column":4},"end":{"line":32,"column":null}},"10":{"start":{"line":34,"column":25},"end":{"line":34,"column":null}},"11":{"start":{"line":35,"column":20},"end":{"line":35,"column":null}},"12":{"start":{"line":37,"column":2},"end":{"line":77,"column":null}},"13":{"start":{"line":38,"column":26},"end":{"line":70,"column":null}},"14":{"start":{"line":39,"column":6},"end":{"line":44,"column":null}},"15":{"start":{"line":43,"column":8},"end":{"line":43,"column":null}},"16":{"start":{"line":46,"column":6},"end":{"line":69,"column":null}},"17":{"start":{"line":48,"column":10},"end":{"line":48,"column":null}},"18":{"start":{"line":49,"column":10},"end":{"line":49,"column":null}},"19":{"start":{"line":50,"column":10},"end":{"line":50,"column":null}},"20":{"start":{"line":52,"column":10},"end":{"line":52,"column":null}},"21":{"start":{"line":54,"column":30},"end":{"line":54,"column":null}},"22":{"start":{"line":55,"column":12},"end":{"line":55,"column":null}},"23":{"start":{"line":56,"column":12},"end":{"line":56,"column":null}},"24":{"start":{"line":58,"column":10},"end":{"line":58,"column":null}},"25":{"start":{"line":60,"column":10},"end":{"line":60,"column":null}},"26":{"start":{"line":62,"column":30},"end":{"line":62,"column":null}},"27":{"start":{"line":63,"column":12},"end":{"line":63,"column":null}},"28":{"start":{"line":64,"column":12},"end":{"line":64,"column":null}},"29":{"start":{"line":66,"column":10},"end":{"line":66,"column":null}},"30":{"start":{"line":68,"column":10},"end":{"line":68,"column":null}},"31":{"start":{"line":72,"column":4},"end":{"line":72,"column":null}},"32":{"start":{"line":74,"column":4},"end":{"line":76,"column":null}},"33":{"start":{"line":75,"column":6},"end":{"line":75,"column":null}},"34":{"start":{"line":163,"column":15},"end":{"line":163,"column":null}}},"fnMap":{"0":{"name":"(anonymous_4)","decl":{"start":{"line":16,"column":68},"end":{"line":16,"column":69}},"loc":{"start":{"line":18,"column":1},"end":{"line":161,"column":null}}},"1":{"name":"(anonymous_5)","decl":{"start":{"line":37,"column":12},"end":{"line":37,"column":null}},"loc":{"start":{"line":37,"column":12},"end":{"line":77,"column":5}}},"2":{"name":"(anonymous_6)","decl":{"start":{"line":38,"column":26},"end":{"line":38,"column":27}},"loc":{"start":{"line":38,"column":27},"end":{"line":70,"column":null}}},"3":{"name":"(anonymous_7)","decl":{"start":{"line":74,"column":11},"end":{"line":74,"column":null}},"loc":{"start":{"line":74,"column":11},"end":{"line":76,"column":null}}}},"branchMap":{"0":{"loc":{"start":{"line":34,"column":25},"end":{"line":34,"column":null}},"type":"cond-expr","locations":[{"start":{"line":34,"column":37},"end":{"line":34,"column":47}},{"start":{"line":34,"column":47},"end":{"line":34,"column":null}}]},"1":{"loc":{"start":{"line":35,"column":20},"end":{"line":35,"column":null}},"type":"cond-expr","locations":[{"start":{"line":35,"column":30},"end":{"line":35,"column":41}},{"start":{"line":35,"column":41},"end":{"line":35,"column":null}}]},"2":{"loc":{"start":{"line":39,"column":6},"end":{"line":44,"column":null}},"type":"if","locations":[{"start":{"line":39,"column":6},"end":{"line":44,"column":null}},{"start":{},"end":{}}]},"3":{"loc":{"start":{"line":40,"column":8},"end":{"line":41,"column":null}},"type":"binary-expr","locations":[{"start":{"line":40,"column":8},"end":{"line":40,"column":null}},{"start":{"line":41,"column":8},"end":{"line":41,"column":null}}]},"4":{"loc":{"start":{"line":46,"column":6},"end":{"line":69,"column":null}},"type":"switch","locations":[{"start":{"line":47,"column":8},"end":{"line":50,"column":null}},{"start":{"line":51,"column":8},"end":{"line":58,"column":null}},{"start":{"line":59,"column":8},"end":{"line":66,"column":null}},{"start":{"line":67,"column":8},"end":{"line":68,"column":null}}]},"5":{"loc":{"start":{"line":150,"column":19},"end":{"line":150,"column":null}},"type":"cond-expr","locations":[{"start":{"line":150,"column":29},"end":{"line":150,"column":33}},{"start":{"line":150,"column":33},"end":{"line":150,"column":null}}]}},"s":{"0":0,"1":0,"2":0,"3":0,"4":0,"5":0,"6":0,"7":0,"8":0,"9":0,"10":0,"11":0,"12":0,"13":0,"14":0,"15":0,"16":0,"17":0,"18":0,"19":0,"20":0,"21":0,"22":0,"23":0,"24":0,"25":0,"26":0,"27":0,"28":0,"29":0,"30":0,"31":0,"32":0,"33":0,"34":0},"f":{"0":0,"1":0,"2":0,"3":0},"b":{"0":[0,0],"1":[0,0],"2":[0,0],"3":[0,0],"4":[0,0,0,0],"5":[0,0]}}
,"C:\\Users\\a6r79\\EDMM\\src\\features\\audio\\components\\playerTrackDetails.tsx": {"path":"C:\\Users\\a6r79\\EDMM\\src\\features\\audio\\components\\playerTrackDetails.tsx","statementMap":{"0":{"start":{"line":107,"column":0},"end":{"line":107,"column":15}},"1":{"start":{"line":1,"column":18},"end":{"line":1,"column":null}},"2":{"start":{"line":3,"column":17},"end":{"line":3,"column":null}},"3":{"start":{"line":4,"column":60},"end":{"line":4,"column":null}},"4":{"start":{"line":6,"column":62},"end":{"line":105,"column":null}},"5":{"start":{"line":14,"column":29},"end":{"line":14,"column":null}},"6":{"start":{"line":16,"column":32},"end":{"line":24,"column":null}},"7":{"start":{"line":17,"column":4},"end":{"line":17,"column":null}},"8":{"start":{"line":17,"column":51},"end":{"line":17,"column":null}},"9":{"start":{"line":19,"column":17},"end":{"line":19,"column":null}},"10":{"start":{"line":20,"column":26},"end":{"line":20,"column":51}},"11":{"start":{"line":21,"column":25},"end":{"line":21,"column":51}},"12":{"start":{"line":22,"column":21},"end":{"line":22,"column":null}},"13":{"start":{"line":23,"column":4},"end":{"line":23,"column":null}},"14":{"start":{"line":26,"column":24},"end":{"line":33,"column":null}},"15":{"start":{"line":27,"column":4},"end":{"line":27,"column":null}},"16":{"start":{"line":27,"column":19},"end":{"line":27,"column":null}},"17":{"start":{"line":28,"column":4},"end":{"line":32,"column":null}},"18":{"start":{"line":29,"column":6},"end":{"line":29,"column":null}},"19":{"start":{"line":30,"column":11},"end":{"line":32,"column":null}},"20":{"start":{"line":31,"column":6},"end":{"line":31,"column":null}},"21":{"start":{"line":65,"column":12},"end":{"line":69,"column":null}},"22":{"start":{"line":73,"column":12},"end":{"line":73,"column":null}},"23":{"start":{"line":107,"column":15},"end":{"line":107,"column":null}}},"fnMap":{"0":{"name":"(anonymous_2)","decl":{"start":{"line":6,"column":62},"end":{"line":6,"column":63}},"loc":{"start":{"line":13,"column":1},"end":{"line":105,"column":null}}},"1":{"name":"(anonymous_3)","decl":{"start":{"line":16,"column":32},"end":{"line":16,"column":33}},"loc":{"start":{"line":16,"column":33},"end":{"line":24,"column":null}}},"2":{"name":"(anonymous_4)","decl":{"start":{"line":26,"column":24},"end":{"line":26,"column":25}},"loc":{"start":{"line":26,"column":25},"end":{"line":33,"column":null}}},"3":{"name":"(anonymous_5)","decl":{"start":{"line":64,"column":23},"end":{"line":64,"column":24}},"loc":{"start":{"line":65,"column":12},"end":{"line":69,"column":null}}},"4":{"name":"(anonymous_6)","decl":{"start":{"line":72,"column":22},"end":{"line":72,"column":null}},"loc":{"start":{"line":73,"column":12},"end":{"line":73,"column":null}}}},"branchMap":{"0":{"loc":{"start":{"line":17,"column":4},"end":{"line":17,"column":null}},"type":"if","locations":[{"start":{"line":17,"column":4},"end":{"line":17,"column":null}},{"start":{},"end":{}}]},"1":{"loc":{"start":{"line":17,"column":8},"end":{"line":17,"column":51}},"type":"binary-expr","locations":[{"start":{"line":17,"column":8},"end":{"line":17,"column":36}},{"start":{"line":17,"column":40},"end":{"line":17,"column":51}}]},"2":{"loc":{"start":{"line":27,"column":4},"end":{"line":27,"column":null}},"type":"if","locations":[{"start":{"line":27,"column":4},"end":{"line":27,"column":null}},{"start":{},"end":{}}]},"3":{"loc":{"start":{"line":28,"column":4},"end":{"line":32,"column":null}},"type":"if","locations":[{"start":{"line":28,"column":4},"end":{"line":32,"column":null}},{"start":{"line":30,"column":11},"end":{"line":32,"column":null}}]},"4":{"loc":{"start":{"line":30,"column":11},"end":{"line":32,"column":null}},"type":"if","locations":[{"start":{"line":30,"column":11},"end":{"line":32,"column":null}},{"start":{},"end":{}}]},"5":{"loc":{"start":{"line":40,"column":8},"end":{"line":40,"column":null}},"type":"cond-expr","locations":[{"start":{"line":40,"column":20},"end":{"line":40,"column":44}},{"start":{"line":40,"column":44},"end":{"line":40,"column":null}}]},"6":{"loc":{"start":{"line":47,"column":10},"end":{"line":48,"column":null}},"type":"binary-expr","locations":[{"start":{"line":47,"column":11},"end":{"line":47,"column":24}},{"start":{"line":47,"column":24},"end":{"line":47,"column":null}},{"start":{"line":48,"column":12},"end":{"line":48,"column":null}}]},"7":{"loc":{"start":{"line":77,"column":25},"end":{"line":77,"column":null}},"type":"binary-expr","locations":[{"start":{"line":77,"column":25},"end":{"line":77,"column":37}},{"start":{"line":77,"column":37},"end":{"line":77,"column":null}}]}},"s":{"0":0,"1":0,"2":0,"3":0,"4":0,"5":0,"6":0,"7":0,"8":0,"9":0,"10":0,"11":0,"12":0,"13":0,"14":0,"15":0,"16":0,"17":0,"18":0,"19":0,"20":0,"21":0,"22":0,"23":0},"f":{"0":0,"1":0,"2":0,"3":0,"4":0},"b":{"0":[0,0],"1":[0,0],"2":[0,0],"3":[0,0],"4":[0,0],"5":[0,0],"6":[0,0,0],"7":[0,0]}}
,"C:\\Users\\a6r79\\EDMM\\src\\features\\audio\\ui\\audioPlayer.tsx": {"path":"C:\\Users\\a6r79\\EDMM\\src\\features\\audio\\ui\\audioPlayer.tsx","statementMap":{"0":{"start":{"line":33,"column":24},"end":{"line":33,"column":null}},"1":{"start":{"line":3,"column":44},"end":{"line":3,"column":null}},"2":{"start":{"line":4,"column":31},"end":{"line":4,"column":null}},"3":{"start":{"line":5,"column":34},"end":{"line":5,"column":null}},"4":{"start":{"line":6,"column":25},"end":{"line":6,"column":null}},"5":{"start":{"line":10,"column":7},"end":{"line":10,"column":null}},"6":{"start":{"line":11,"column":26},"end":{"line":11,"column":null}},"7":{"start":{"line":12,"column":31},"end":{"line":12,"column":null}},"8":{"start":{"line":35,"column":4},"end":{"line":35,"column":null}},"9":{"start":{"line":36,"column":25},"end":{"line":36,"column":null}},"10":{"start":{"line":37,"column":30},"end":{"line":37,"column":null}},"11":{"start":{"line":38,"column":21},"end":{"line":38,"column":null}},"12":{"start":{"line":39,"column":23},"end":{"line":39,"column":null}},"13":{"start":{"line":40,"column":30},"end":{"line":40,"column":null}},"14":{"start":{"line":41,"column":29},"end":{"line":41,"column":null}},"15":{"start":{"line":42,"column":42},"end":{"line":42,"column":null}},"16":{"start":{"line":44,"column":26},"end":{"line":44,"column":null}},"17":{"start":{"line":46,"column":2},"end":{"line":69,"column":null}},"18":{"start":{"line":47,"column":26},"end":{"line":47,"column":46}},"19":{"start":{"line":48,"column":4},"end":{"line":68,"column":null}},"20":{"start":{"line":49,"column":27},"end":{"line":63,"column":null}},"21":{"start":{"line":50,"column":24},"end":{"line":50,"column":49}},"22":{"start":{"line":51,"column":25},"end":{"line":51,"column":51}},"23":{"start":{"line":52,"column":32},"end":{"line":52,"column":null}},"24":{"start":{"line":53,"column":34},"end":{"line":53,"column":null}},"25":{"start":{"line":54,"column":35},"end":{"line":54,"column":null}},"26":{"start":{"line":55,"column":33},"end":{"line":55,"column":null}},"27":{"start":{"line":57,"column":8},"end":{"line":62,"column":null}},"28":{"start":{"line":65,"column":6},"end":{"line":65,"column":null}},"29":{"start":{"line":66,"column":6},"end":{"line":66,"column":null}},"30":{"start":{"line":67,"column":6},"end":{"line":67,"column":null}},"31":{"start":{"line":67,"column":19},"end":{"line":67,"column":null}},"32":{"start":{"line":71,"column":21},"end":{"line":80,"column":null}},"33":{"start":{"line":72,"column":4},"end":{"line":72,"column":null}},"34":{"start":{"line":74,"column":4},"end":{"line":79,"column":null}},"35":{"start":{"line":78,"column":6},"end":{"line":78,"column":null}},"36":{"start":{"line":82,"column":2},"end":{"line":84,"column":null}},"37":{"start":{"line":83,"column":4},"end":{"line":83,"column":null}},"38":{"start":{"line":86,"column":2},"end":{"line":88,"column":null}},"39":{"start":{"line":96,"column":8},"end":{"line":98,"column":null}},"40":{"start":{"line":97,"column":10},"end":{"line":97,"column":null}},"41":{"start":{"line":131,"column":16},"end":{"line":133,"column":null}},"42":{"start":{"line":132,"column":18},"end":{"line":132,"column":null}}},"fnMap":{"0":{"name":"AudioPlayer","decl":{"start":{"line":33,"column":24},"end":{"line":33,"column":null}},"loc":{"start":{"line":33,"column":24},"end":{"line":142,"column":null}}},"1":{"name":"(anonymous_3)","decl":{"start":{"line":46,"column":12},"end":{"line":46,"column":null}},"loc":{"start":{"line":46,"column":12},"end":{"line":69,"column":5}}},"2":{"name":"(anonymous_4)","decl":{"start":{"line":49,"column":27},"end":{"line":49,"column":null}},"loc":{"start":{"line":49,"column":27},"end":{"line":63,"column":null}}},"3":{"name":"(anonymous_5)","decl":{"start":{"line":67,"column":13},"end":{"line":67,"column":19}},"loc":{"start":{"line":67,"column":19},"end":{"line":67,"column":null}}},"4":{"name":"(anonymous_6)","decl":{"start":{"line":71,"column":21},"end":{"line":71,"column":22}},"loc":{"start":{"line":71,"column":22},"end":{"line":80,"column":null}}},"5":{"name":"(anonymous_7)","decl":{"start":{"line":95,"column":14},"end":{"line":95,"column":15}},"loc":{"start":{"line":95,"column":15},"end":{"line":99,"column":null}}},"6":{"name":"(anonymous_8)","decl":{"start":{"line":96,"column":19},"end":{"line":96,"column":null}},"loc":{"start":{"line":96,"column":19},"end":{"line":98,"column":11}}},"7":{"name":"(anonymous_9)","decl":{"start":{"line":130,"
[...]
,"C:\\Users\\a6r79\\EDMM\\src\\shared\\providers\\authProvider.tsx": {"path":"C:\\Users\\a6r79\\EDMM\\src\\shared\\providers\\authProvider.tsx","statementMap":{"0":{"start":{"line":42,"column":16},"end":{"line":42,"column":28}},"1":{"start":{"line":77,"column":13},"end":{"line":77,"column":20}},"2":{"start":{"line":3,"column":63},"end":{"line":3,"column":null}},"3":{"start":{"line":10,"column":31},"end":{"line":10,"column":null}},"4":{"start":{"line":11,"column":31},"end":{"line":11,"column":null}},"5":{"start":{"line":29,"column":14},"end":{"line":38,"column":null}},"6":{"start":{"line":40,"column":20},"end":{"line":40,"column":null}},"7":{"start":{"line":43,"column":32},"end":{"line":43,"column":null}},"8":{"start":{"line":44,"column":26},"end":{"line":44,"column":null}},"9":{"start":{"line":45,"column":26},"end":{"line":45,"column":null}},"10":{"start":{"line":47,"column":50},"end":{"line":47,"column":null}},"11":{"start":{"line":48,"column":22},"end":{"line":48,"column":null}},"12":{"start":{"line":50,"column":2},"end":{"line":63,"column":null}},"13":{"start":{"line":51,"column":35},"end":{"line":57,"column":null}},"14":{"start":{"line":53,"column":8},"end":{"line":53,"column":null}},"15":{"start":{"line":54,"column":8},"end":{"line":54,"column":null}},"16":{"start":{"line":55,"column":8},"end":{"line":55,"column":null}},"17":{"start":{"line":56,"column":8},"end":{"line":56,"column":null}},"18":{"start":{"line":60,"column":4},"end":{"line":62,"column":null}},"19":{"start":{"line":61,"column":6},"end":{"line":61,"column":null}},"20":{"start":{"line":65,"column":16},"end":{"line":72,"column":null}},"21":{"start":{"line":77,"column":23},"end":{"line":83,"column":null}},"22":{"start":{"line":78,"column":18},"end":{"line":78,"column":null}},"23":{"start":{"line":79,"column":2},"end":{"line":81,"column":null}},"24":{"start":{"line":80,"column":4},"end":{"line":80,"column":null}},"25":{"start":{"line":82,"column":2},"end":{"line":82,"column":null}}},"fnMap":{"0":{"name":"AuthProvider","decl":{"start":{"line":42,"column":16},"end":{"line":42,"column":28}},"loc":{"start":{"line":42,"column":60},"end":{"line":75,"column":null}}},"1":{"name":"(anonymous_4)","decl":{"start":{"line":50,"column":12},"end":{"line":50,"column":null}},"loc":{"start":{"line":50,"column":12},"end":{"line":63,"column":5}}},"2":{"name":"(anonymous_5)","decl":{"start":{"line":52,"column":6},"end":{"line":52,"column":7}},"loc":{"start":{"line":52,"column":31},"end":{"line":57,"column":null}}},"3":{"name":"(anonymous_6)","decl":{"start":{"line":60,"column":11},"end":{"line":60,"column":null}},"loc":{"start":{"line":60,"column":11},"end":{"line":62,"column":null}}},"4":{"name":"(anonymous_7)","decl":{"start":{"line":77,"column":23},"end":{"line":77,"column":null}},"loc":{"start":{"line":77,"column":23},"end":{"line":83,"column":null}}}},"branchMap":{"0":{"loc":{"start":{"line":54,"column":16},"end":{"line":54,"column":null}},"type":"binary-expr","locations":[{"start":{"line":54,"column":16},"end":{"line":54,"column":40}},{"start":{"line":54,"column":40},"end":{"line":54,"column":null}}]},"1":{"loc":{"start":{"line":55,"column":16},"end":{"line":55,"column":64}},"type":"cond-expr","locations":[{"start":{"line":55,"column":39},"end":{"line":55,"column":49}},{"start":{"line":55,"column":52},"end":{"line":55,"column":64}}]},"2":{"loc":{"start":{"line":79,"column":2},"end":{"line":81,"column":null}},"type":"if","locations":[{"start":{"line":79,"column":2},"end":{"line":81,"column":null}},{"start":{},"end":{}}]}},"s":{"0":0,"1":0,"2":0,"3":0,"4":0,"5":0,"6":0,"7":0,"8":0,"9":0,"10":0,"11":0,"12":0,"13":0,"14":0,"15":0,"16":0,"17":0,"18":0,"19":0,"20":0,"21":0,"22":0,"23":0,"24":0,"25":0},"f":{"0":0,"1":0,"2":0,"3":0,"4":0},"b":{"0":[0,0],"1":[0,0],"2":[0,0]}}
,"C:\\Users\\a6r79\\EDMM\\src\\shared\\providers\\infiniteScrollProvider.tsx": {"path":"C:\\Users\\a6r79\\EDMM\\src\\shared\\providers\\infiniteScrollProvider.tsx","statementMap":{"0":{"start":{"line":13,"column":13},"end":{"line":13,"column":35}},"1":{"start":{"line":56,"column":13},"end":{"line":56,"column":37}},"2":{"start":{"line":3,"column":72},"end":{"line":3,"column":null}},"3":{"start":{"line":9,"column":30},"end":{"line":11,"column":null}},"4":{"start":{"line":13,"column":38},"end":{"line":54,"column":null}},"5":{"start":{"line":17,"column":36},"end":{"line":17,"column":null}},"6":{"start":{"line":18,"column":32},"end":{"line":18,"column":null}},"7":{"start":{"line":20,"column":19},"end":{"line":25,"column":null}},"8":{"start":{"line":21,"column":4},"end":{"line":24,"column":null}},"9":{"start":{"line":22,"column":6},"end":{"line":22,"column":null}},"10":{"start":{"line":23,"column":6},"end":{"line":23,"column":null}},"11":{"start":{"line":27,"column":21},"end":{"line":29,"column":null}},"12":{"start":{"line":28,"column":4},"end":{"line":28,"column":null}},"13":{"start":{"line":31,"column":26},"end":{"line":33,"column":null}},"14":{"start":{"line":32,"column":4},"end":{"line":32,"column":null}},"15":{"start":{"line":35,"column":30},"end":{"line":38,"column":null}},"16":{"start":{"line":36,"column":4},"end":{"line":36,"column":null}},"17":{"start":{"line":37,"column":4},"end":{"line":37,"column":null}},"18":{"start":{"line":56,"column":40},"end":{"line":64,"column":null}},"19":{"start":{"line":57,"column":18},"end":{"line":57,"column":null}},"20":{"start":{"line":58,"column":2},"end":{"line":62,"column":null}},"21":{"start":{"line":59,"column":4},"end":{"line":60,"column":null}},"22":{"start":{"line":63,"column":2},"end":{"line":63,"column":null}}},"fnMap":{"0":{"name":"(anonymous_6)","decl":{"start":{"line":13,"column":38},"end":{"line":13,"column":39}},"loc":{"start":{"line":16,"column":30},"end":{"line":54,"column":null}}},"1":{"name":"(anonymous_7)","decl":{"start":{"line":20,"column":31},"end":{"line":20,"column":null}},"loc":{"start":{"line":20,"column":31},"end":{"line":25,"column":5}}},"2":{"name":"(anonymous_8)","decl":{"start":{"line":27,"column":33},"end":{"line":27,"column":34}},"loc":{"start":{"line":27,"column":34},"end":{"line":29,"column":5}}},"3":{"name":"(anonymous_9)","decl":{"start":{"line":31,"column":38},"end":{"line":31,"column":39}},"loc":{"start":{"line":31,"column":39},"end":{"line":33,"column":5}}},"4":{"name":"(anonymous_10)","decl":{"start":{"line":35,"column":42},"end":{"line":35,"column":null}},"loc":{"start":{"line":35,"column":42},"end":{"line":38,"column":5}}},"5":{"name":"(anonymous_11)","decl":{"start":{"line":56,"column":40},"end":{"line":56,"column":null}},"loc":{"start":{"line":56,"column":40},"end":{"line":64,"column":null}}}},"branchMap":{"0":{"loc":{"start":{"line":21,"column":4},"end":{"line":24,"column":null}},"type":"if","locations":[{"start":{"line":21,"column":4},"end":{"line":24,"column":null}},{"start":{},"end":{}}]},"1":{"loc":{"start":{"line":21,"column":8},"end":{"line":21,"column":45}},"type":"binary-expr","locations":[{"start":{"line":21,"column":8},"end":{"line":21,"column":22}},{"start":{"line":21,"column":22},"end":{"line":21,"column":33}},{"start":{"line":21,"column":33},"end":{"line":21,"column":45}}]},"2":{"loc":{"start":{"line":58,"column":2},"end":{"line":62,"column":null}},"type":"if","locations":[{"start":{"line":58,"column":2},"end":{"line":62,"column":null}},{"start":{},"end":{}}]}},"s":{"0":0,"1":0,"2":0,"3":0,"4":0,"5":0,"6":0,"7":0,"8":0,"9":0,"10":0,"11":0,"12":0,"13":0,"14":0,"15":0,"16":0,"17":0,"18":0,"19":0,"20":0,"21":0,"22":0},"f":{"0":0,"1":0,"2":0,"3":0,"4":0,"5":0},"b":{"0":[0,0],"1":[0,0,0],"2":[0,0]}}
,"C:\\Users\\a6r79\\EDMM\\src\\shared\\providers\\lenisProvider.tsx": {"path":"C:\\Users\\a6r79\\EDMM\\src\\shared\\providers\\lenisProvider.tsx","statementMap":{"0":{"start":{"line":55,"column":0},"end":{"line":55,"column":15}},"1":{"start":{"line":3,"column":33},"end":{"line":3,"column":null}},"2":{"start":{"line":4,"column":34},"end":{"line":4,"column":null}},"3":{"start":{"line":8,"column":26},"end":{"line":8,"column":null}},"4":{"start":{"line":20,"column":52},"end":{"line":53,"column":null}},"5":{"start":{"line":21,"column":19},"end":{"line":21,"column":null}},"6":{"start":{"line":22,"column":21},"end":{"line":22,"column":null}},"7":{"start":{"line":23,"column":42},"end":{"line":23,"column":null}},"8":{"start":{"line":25,"column":2},"end":{"line":34,"column":null}},"9":{"start":{"line":26,"column":4},"end":{"line":30,"column":null}},"10":{"start":{"line":27,"column":6},"end":{"line":27,"column":null}},"11":{"start":{"line":29,"column":6},"end":{"line":29,"column":null}},"12":{"start":{"line":31,"column":4},"end":{"line":33,"column":null}},"13":{"start":{"line":32,"column":6},"end":{"line":32,"column":null}},"14":{"start":{"line":36,"column":2},"end":{"line":38,"column":null}},"15":{"start":{"line":55,"column":15},"end":{"line":55,"column":null}}},"fnMap":{"0":{"name":"(anonymous_4)","decl":{"start":{"line":20,"column":52},"end":{"line":20,"column":53}},"loc":{"start":{"line":20,"column":65},"end":{"line":53,"column":null}}},"1":{"name":"(anonymous_5)","decl":{"start":{"line":25,"column":12},"end":{"line":25,"column":null}},"loc":{"start":{"line":25,"column":12},"end":{"line":34,"column":5}}},"2":{"name":"(anonymous_6)","decl":{"start":{"line":31,"column":11},"end":{"line":31,"column":null}},"loc":{"start":{"line":31,"column":11},"end":{"line":33,"column":null}}}},"branchMap":{"0":{"loc":{"start":{"line":26,"column":4},"end":{"line":30,"column":null}},"type":"if","locations":[{"start":{"line":26,"column":4},"end":{"line":30,"column":null}},{"start":{"line":28,"column":11},"end":{"line":30,"column":null}}]},"1":{"loc":{"start":{"line":36,"column":2},"end":{"line":38,"column":null}},"type":"if","locations":[{"start":{"line":36,"column":2},"end":{"line":38,"column":null}},{"start":{},"end":{}}]}},"s":{"0":0,"1":0,"2":0,"3":0,"4":0,"5":0,"6":0,"7":0,"8":0,"9":0,"10":0,"11":0,"12":0,"13":0,"14":0,"15":0},"f":{"0":0,"1":0,"2":0},"b":{"0":[0,0],"1":[0,0]}}
,"C:\\Users\\a6r79\\EDMM\\src\\shared\\providers\\tanstackProvider.tsx": {"path":"C:\\Users\\a6r79\\EDMM\\src\\shared\\providers\\tanstackProvider.tsx","statementMap":{"0":{"start":{"line":6,"column":16},"end":{"line":6,"column":33}},"1":{"start":{"line":3,"column":49},"end":{"line":3,"column":null}},"2":{"start":{"line":4,"column":44},"end":{"line":4,"column":null}},"3":{"start":{"line":7,"column":24},"end":{"line":16,"column":null}},"4":{"start":{"line":9,"column":6},"end":{"line":16,"column":null}}},"fnMap":{"0":{"name":"TanstackProvider","decl":{"start":{"line":6,"column":16},"end":{"line":6,"column":33}},"loc":{"start":{"line":6,"column":64},"end":{"line":22,"column":null}}},"1":{"name":"(anonymous_2)","decl":{"start":{"line":8,"column":4},"end":{"line":8,"column":null}},"loc":{"start":{"line":9,"column":6},"end":{"line":16,"column":null}}}},"branchMap":{},"s":{"0":0,"1":0,"2":0,"3":0,"4":0},"f":{"0":0,"1":0},"b":{}}
,"C:\\Users\\a6r79\\EDMM\\src\\shared\\providers\\themeProvider.tsx": {"path":"C:\\Users\\a6r79\\EDMM\\src\\shared\\providers\\themeProvider.tsx","statementMap":{"0":{"start":{"line":12,"column":13},"end":{"line":12,"column":26}},"1":{"start":{"line":28,"column":13},"end":{"line":28,"column":21}},"2":{"start":{"line":3,"column":70},"end":{"line":3,"column":null}},"3":{"start":{"line":10,"column":21},"end":{"line":10,"column":null}},"4":{"start":{"line":12,"column":64},"end":{"line":26,"column":null}},"5":{"start":{"line":15,"column":38},"end":{"line":15,"column":null}},"6":{"start":{"line":17,"column":22},"end":{"line":19,"column":null}},"7":{"start":{"line":18,"column":4},"end":{"line":18,"column":null}},"8":{"start":{"line":18,"column":32},"end":{"line":18,"column":null}},"9":{"start":{"line":28,"column":24},"end":{"line":34,"column":null}},"10":{"start":{"line":29,"column":18},"end":{"line":29,"column":null}},"11":{"start":{"line":30,"column":2},"end":{"line":32,"column":null}},"12":{"start":{"line":31,"column":4},"end":{"line":31,"column":null}},"13":{"start":{"line":33,"column":2},"end":{"line":33,"column":null}}},"fnMap":{"0":{"name":"(anonymous_6)","decl":{"start":{"line":12,"column":64},"end":{"line":12,"column":65}},"loc":{"start":{"line":14,"column":1},"end":{"line":26,"column":null}}},"1":{"name":"(anonymous_7)","decl":{"start":{"line":17,"column":22},"end":{"line":17,"column":null}},"loc":{"start":{"line":17,"column":22},"end":{"line":19,"column":null}}},"2":{"name":"(anonymous_8)","decl":{"start":{"line":18,"column":18},"end":{"line":18,"column":19}},"loc":{"start":{"line":18,"column":32},"end":{"line":18,"column":null}}},"3":{"name":"(anonymous_9)","decl":{"start":{"line":28,"column":24},"end":{"line":28,"column":null}},"loc":{"start":{"line":28,"column":24},"end":{"line":34,"column":null}}}},"branchMap":{"0":{"loc":{"start":{"line":30,"column":2},"end":{"line":32,"column":null}},"type":"if","locations":[{"start":{"line":30,"column":2},"end":{"line":32,"column":null}},{"start":{},"end":{}}]}},"s":{"0":0,"1":0,"2":0,"3":0,"4":0,"5":0,"6":0,"7":0,"8":0,"9":0,"10":0,"11":0,"12":0,"13":0},"f":{"0":0,"1":0,"2":0,"3":0},"b":{"0":[0,0]}}
,"C:\\Users\\a6r79\\EDMM\\src\\shared\\providers\\toggleProvider.tsx": {"path":"C:\\Users\\a6r79\\EDMM\\src\\shared\\providers\\toggleProvider.tsx","statementMap":{"0":{"start":{"line":8,"column":13},"end":{"line":8,"column":27}},"1":{"start":{"line":21,"column":13},"end":{"line":21,"column":22}},"2":{"start":{"line":3,"column":70},"end":{"line":3,"column":null}},"3":{"start":{"line":6,"column":22},"end":{"line":6,"column":null}},"4":{"start":{"line":8,"column":30},"end":{"line":19,"column":null}},"5":{"start":{"line":9,"column":30},"end":{"line":9,"column":null}},"6":{"start":{"line":11,"column":21},"end":{"line":11,"column":null}},"7":{"start":{"line":11,"column":27},"end":{"line":11,"column":null}},"8":{"start":{"line":12,"column":22},"end":{"line":12,"column":null}},"9":{"start":{"line":12,"column":28},"end":{"line":12,"column":null}},"10":{"start":{"line":21,"column":25},"end":{"line":27,"column":null}},"11":{"start":{"line":22,"column":18},"end":{"line":22,"column":null}},"12":{"start":{"line":23,"column":2},"end":{"line":25,"column":null}},"13":{"start":{"line":24,"column":4},"end":{"line":24,"column":null}},"14":{"start":{"line":26,"column":2},"end":{"line":26,"column":null}}},"fnMap":{"0":{"name":"(anonymous_6)","decl":{"start":{"line":8,"column":30},"end":{"line":8,"column":31}},"loc":{"start":{"line":8,"column":68},"end":{"line":19,"column":null}}},"1":{"name":"(anonymous_7)","decl":{"start":{"line":11,"column":21},"end":{"line":11,"column":27}},"loc":{"start":{"line":11,"column":27},"end":{"line":11,"column":null}}},"2":{"name":"(anonymous_8)","decl":{"start":{"line":12,"column":22},"end":{"line":12,"column":28}},"loc":{"start":{"line":12,"column":28},"end":{"line":12,"column":null}}},"3":{"name":"(anonymous_9)","decl":{"start":{"line":21,"column":25},"end":{"line":21,"column":null}},"loc":{"start":{"line":21,"column":25},"end":{"line":27,"column":null}}}},"branchMap":{"0":{"loc":{"start":{"line":23,"column":2},"end":{"line":25,"column":null}},"type":"if","locations":[{"start":{"line":23,"column":2},"end":{"line":25,"column":null}},{"start":{},"end":{}}]}},"s":{"0":0,"1":0,"2":0,"3":0,"4":0,"5":0,"6":0,"7":0,"8":0,"9":0,"10":0,"11":0,"12":0,"13":0,"14":0},"f":{"0":0,"1":0,"2":0,"3":0},"b":{"0":[0,0]}}
,"C:\\Users\\a6r79\\EDMM\\src\\widgets\\audioPlayer\\index.tsx": {"path":"C:\\Users\\a6r79\\EDMM\\src\\widgets\\audioPlayer\\index.tsx","statementMap":{"0":{"start":{"line":3,"column":24},"end":{"line":3,"column":null}},"1":{"start":{"line":1,"column":24},"end":{"line":1,"column":null}},"2":{"start":{"line":4,"column":2},"end":{"line":4,"column":null}}},"fnMap":{"0":{"name":"AudioPlayerWidget","decl":{"start":{"line":3,"column":24},"end":{"line":3,"column":null}},"loc":{"start":{"line":3,"column":24},"end":{"line":5,"column":null}}}},"branchMap":{},"s":{"0":0,"1":0,"2":0},"f":{"0":0},"b":{}}
,"C:\\Users\\a6r79\\EDMM\\src\\widgets\\landing\\index.tsx": {"path":"C:\\Users\\a6r79\\EDMM\\src\\widgets\\landing\\index.tsx","statementMap":{"0":{"start":{"line":14,"column":24},"end":{"line":14,"column":null}},"1":{"start":{"line":3,"column":17},"end":{"line":3,"column":null}},"2":{"start":{"line":4,"column":24},"end":{"line":4,"column":null}},"3":{"start":{"line":5,"column":18},"end":{"line":5,"column":null}},"4":{"start":{"line":6,"column":26},"end":{"line":6,"column":null}},"5":{"start":{"line":7,"column":24},"end":{"line":7,"column":null}},"6":{"start":{"line":8,"column":22},"end":{"line":8,"column":null}},"7":{"start":{"line":9,"column":32},"end":{"line":9,"column":null}},"8":{"start":{"line":10,"column":27},"end":{"line":10,"column":null}},"9":{"start":{"line":12,"column":26},"end":{"line":12,"column":null}},"10":{"start":{"line":25,"column":21},"end":{"line":25,"column":null}}},"fnMap":{"0":{"name":"Landing","decl":{"start":{"line":14,"column":24},"end":{"line":14,"column":null}},"loc":{"start":{"line":14,"column":24},"end":{"line":22,"column":null}}},"1":{"name":"LandingContent","decl":{"start":{"line":24,"column":9},"end":{"line":24,"column":null}},"loc":{"start":{"line":24,"column":9},"end":{"line":37,"column":null}}}},"branchMap":{"0":{"loc":{"start":{"line":30,"column":9},"end":{"line":30,"column":null}},"type":"binary-expr","locations":[{"start":{"line":30,"column":9},"end":{"line":30,"column":20}},{"start":{"line":30,"column":20},"end":{"line":30,"column":null}}]},"1":{"loc":{"start":{"line":31,"column":9},"end":{"line":31,"column":null}},"type":"binary-expr","locations":[{"start":{"line":31,"column":9},"end":{"line":31,"column":19}},{"start":{"line":31,"column":19},"end":{"line":31,"column":null}}]}},"s":{"0":0,"1":0,"2":0,"3":0,"4":0,"5":0,"6":0,"7":0,"8":0,"9":0,"10":0},"f":{"0":0,"1":0},"b":{"0":[0,0],"1":[0,0]}}
,"C:\\Users\\a6r79\\EDMM\\src\\widgets\\listModal\\index.tsx": {"path":"C:\\Users\\a6r79\\EDMM\\src\\widgets\\listModal\\index.tsx","statementMap":{"0":{"start":{"line":11,"column":24},"end":{"line":11,"column":null}},"1":{"start":{"line":1,"column":24},"end":{"line":1,"column":null}},"2":{"start":{"line":2,"column":27},"end":{"line":2,"column":null}},"3":{"start":{"line":3,"column":25},"end":{"line":3,"column":null}}},"fnMap":{"0":{"name":"ListModal","decl":{"start":{"line":11,"column":24},"end":{"line":11,"column":null}},"loc":{"start":{"line":11,"column":24},"end":{"line":18,"column":null}}}},"branchMap":{},"s":{"0":0,"1":0,"2":0,"3":0},"f":{"0":0},"b":{}}
}
